#
# There is insufficient memory for the Java Runtime Environment to continue.
# Native memory allocation (malloc) failed to allocate 1080016 bytes. Error detail: Chunk::new
# Possible reasons:
#   The system is out of physical RAM or swap space
#   This process is running with CompressedOops enabled, and the Java Heap may be blocking the growth of the native heap
# Possible solutions:
#   Reduce memory load on the system
#   Increase physical memory or swap space
#   Check if swap backing store is full
#   Decrease Java heap size (-Xmx/-Xms)
#   Decrease number of Java threads
#   Decrease Java thread stack sizes (-Xss)
#   Set larger code cache with -XX:ReservedCodeCacheSize=
#   JVM is running with Unscaled Compressed Oops mode in which the Java heap is
#     placed in the first 4GB address space. The Java Heap base address is the
#     maximum limit for the native heap growth. Please use -XX:HeapBaseMinAddress
#     to set the Java Heap base and to place the Java Heap above 4GB virtual address.
# This output file may be truncated or incomplete.
#
#  Out of Memory Error (arena.cpp:191), pid=14288, tid=13660
#
# JRE version: OpenJDK Runtime Environment Temurin-17.0.17+10 (17.0.17+10) (build 17.0.17+10)
# Java VM: OpenJDK 64-Bit Server VM Temurin-17.0.17+10 (17.0.17+10, mixed mode, sharing, tiered, compressed oops, compressed class ptrs, g1 gc, windows-amd64)
# No core dump will be written. Minidumps are not enabled by default on client versions of Windows
#

---------------  S U M M A R Y ------------

Command Line: --add-opens=java.base/java.lang=ALL-UNNAMED --add-opens=java.base/java.lang.invoke=ALL-UNNAMED --add-opens=java.base/java.util=ALL-UNNAMED --add-opens=java.prefs/java.util.prefs=ALL-UNNAMED --add-exports=jdk.compiler/com.sun.tools.javac.api=ALL-UNNAMED --add-exports=jdk.compiler/com.sun.tools.javac.util=ALL-UNNAMED --add-opens=java.base/java.util=ALL-UNNAMED --add-opens=java.prefs/java.util.prefs=ALL-UNNAMED --add-opens=java.base/java.nio.charset=ALL-UNNAMED --add-opens=java.base/java.net=ALL-UNNAMED --add-opens=java.base/java.util.concurrent=ALL-UNNAMED --add-opens=java.base/java.util.concurrent.atomic=ALL-UNNAMED --add-opens=java.xml/javax.xml.namespace=ALL-UNNAMED --add-opens=java.base/java.time=ALL-UNNAMED -XX:MaxMetaspaceSize=384m -XX:+HeapDumpOnOutOfMemoryError -Xms256m -Xmx512m -Dfile.encoding=UTF-8 -Duser.country=EC -Duser.language=es -Duser.variant -javaagent:C:\Users\Admin\.gradle\wrapper\dists\gradle-9.2.1-bin\2t0n5ozlw9xmuyvbp7dnzaxug\gradle-9.2.1\lib\agents\gradle-instrumentation-agent-9.2.1.jar org.gradle.launcher.daemon.bootstrap.GradleDaemon 9.2.1

Host: Intel(R) Core(TM) i3-1005G1 CPU @ 1.20GHz, 4 cores, 7G,  Windows 10 , 64 bit Build 19041 (10.0.19041.5072)
Time: Thu Jan 15 11:19:21 2026 Hora est. Pacífico, Sudamérica elapsed time: 34.823470 seconds (0d 0h 0m 34s)

---------------  T H R E A D  ---------------

Current thread (0x000001d0fea923e0):  JavaThread "C2 CompilerThread0" daemon [_thread_in_native, id=13660, stack(0x0000002221f00000,0x0000002222000000)]


Current CompileTask:
C2:34823 10497       4       org.gradle.internal.service.DefaultServiceRegistry$OwnServices::getService (317 bytes)

Stack: [0x0000002221f00000,0x0000002222000000]
Native frames: (J=compiled Java code, j=interpreted, Vv=VM code, C=native code)
V  [jvm.dll+0x683fb9]
V  [jvm.dll+0x83a1b5]
V  [jvm.dll+0x83bc2e]
V  [jvm.dll+0x83c2b3]
V  [jvm.dll+0x248eff]
V  [jvm.dll+0xad496]
V  [jvm.dll+0xadb3c]
V  [jvm.dll+0x3689ef]
V  [jvm.dll+0x1bc3f9]
V  [jvm.dll+0x219f10]
V  [jvm.dll+0x219200]
V  [jvm.dll+0x1a4920]
V  [jvm.dll+0x22989a]
V  [jvm.dll+0x227a4b]
V  [jvm.dll+0x7effb8]
V  [jvm.dll+0x7ea44c]
V  [jvm.dll+0x682e87]
C  [ucrtbase.dll+0x21bb2]
C  [KERNEL32.DLL+0x17374]
C  [ntdll.dll+0x4cc91]


---------------  P R O C E S S  ---------------

Threads class SMR info:
_java_thread_list=0x000001d0aa2bdfe0, length=46, elements={
0x000001d0f37228c0, 0x000001d0fea78730, 0x000001d0fea799a0, 0x000001d0fea8b4b0,
0x000001d0fea8fea0, 0x000001d0fea90f10, 0x000001d0fea917e0, 0x000001d0fea923e0,
0x000001d0fea954a0, 0x000001d0fea9a1f0, 0x000001d0fea5dfa0, 0x000001d0fed47f80,
0x000001d0ff05f440, 0x000001d0a90ae030, 0x000001d0a911f280, 0x000001d0a90ea270,
0x000001d0a8ae1350, 0x000001d0a92b3ee0, 0x000001d0a92b39d0, 0x000001d0a92b2590,
0x000001d0a92b5830, 0x000001d0a92b2080, 0x000001d0a92b43f0, 0x000001d0a92b4e10,
0x000001d0a92b5320, 0x000001d0a92f33e0, 0x000001d0a92eddd0, 0x000001d0a92f1a90,
0x000001d0a92f0b60, 0x000001d0a92ef720, 0x000001d0a92f5240, 0x000001d0a92f1fa0,
0x000001d0a92f29c0, 0x000001d0a92f5750, 0x000001d0a92b4900, 0x000001d0a92b2fb0,
0x000001d0a9e51e50, 0x000001d0a9e52360, 0x000001d0a9e53cb0, 0x000001d0a9e4f5d0,
0x000001d0a9e4e190, 0x000001d0aa714260, 0x000001d0aa717a10, 0x000001d0aa714770,
0x000001d0aa712910, 0x000001d0aa715190
}

Java Threads: ( => current thread )
  0x000001d0f37228c0 JavaThread "main" [_thread_blocked, id=13956, stack(0x0000002221100000,0x0000002221200000)]
  0x000001d0fea78730 JavaThread "Reference Handler" daemon [_thread_blocked, id=14756, stack(0x0000002221900000,0x0000002221a00000)]
  0x000001d0fea799a0 JavaThread "Finalizer" daemon [_thread_blocked, id=14164, stack(0x0000002221a00000,0x0000002221b00000)]
  0x000001d0fea8b4b0 JavaThread "Signal Dispatcher" daemon [_thread_blocked, id=9608, stack(0x0000002221b00000,0x0000002221c00000)]
  0x000001d0fea8fea0 JavaThread "Attach Listener" daemon [_thread_blocked, id=15124, stack(0x0000002221c00000,0x0000002221d00000)]
  0x000001d0fea90f10 JavaThread "Service Thread" daemon [_thread_blocked, id=7904, stack(0x0000002221d00000,0x0000002221e00000)]
  0x000001d0fea917e0 JavaThread "Monitor Deflation Thread" daemon [_thread_blocked, id=5040, stack(0x0000002221e00000,0x0000002221f00000)]
=>0x000001d0fea923e0 JavaThread "C2 CompilerThread0" daemon [_thread_in_native, id=13660, stack(0x0000002221f00000,0x0000002222000000)]
  0x000001d0fea954a0 JavaThread "C1 CompilerThread0" daemon [_thread_blocked, id=12344, stack(0x0000002222000000,0x0000002222100000)]
  0x000001d0fea9a1f0 JavaThread "Sweeper thread" daemon [_thread_blocked, id=14984, stack(0x0000002222100000,0x0000002222200000)]
  0x000001d0fea5dfa0 JavaThread "Common-Cleaner" daemon [_thread_blocked, id=12512, stack(0x0000002222200000,0x0000002222300000)]
  0x000001d0fed47f80 JavaThread "Notification Thread" daemon [_thread_blocked, id=14468, stack(0x0000002222300000,0x0000002222400000)]
  0x000001d0ff05f440 JavaThread "Daemon health stats" [_thread_blocked, id=14784, stack(0x0000002222900000,0x0000002222a00000)]
  0x000001d0a90ae030 JavaThread "Incoming local TCP Connector on port 51048" [_thread_in_native, id=9148, stack(0x0000002222500000,0x0000002222600000)]
  0x000001d0a911f280 JavaThread "Daemon periodic checks" [_thread_blocked, id=9728, stack(0x0000002222a00000,0x0000002222b00000)]
  0x000001d0a90ea270 JavaThread "Daemon" [_thread_blocked, id=14672, stack(0x0000002222c00000,0x0000002222d00000)]
  0x000001d0a8ae1350 JavaThread "Handler for socket connection from /127.0.0.1:51048 to /127.0.0.1:51049" [_thread_in_native, id=14876, stack(0x0000002222d00000,0x0000002222e00000)]
  0x000001d0a92b3ee0 JavaThread "Cancel handler" [_thread_blocked, id=7816, stack(0x0000002222e00000,0x0000002222f00000)]
  0x000001d0a92b39d0 JavaThread "Daemon worker" [_thread_in_vm, id=904, stack(0x0000002222f00000,0x0000002223000000)]
  0x000001d0a92b2590 JavaThread "Asynchronous log dispatcher for DefaultDaemonConnection: socket connection from /127.0.0.1:51048 to /127.0.0.1:51049" [_thread_blocked, id=11532, stack(0x0000002223000000,0x0000002223100000)]
  0x000001d0a92b5830 JavaThread "Stdin handler" [_thread_blocked, id=15112, stack(0x0000002223100000,0x0000002223200000)]
  0x000001d0a92b2080 JavaThread "Daemon client event forwarder" [_thread_blocked, id=14652, stack(0x0000002223200000,0x0000002223300000)]
  0x000001d0a92b43f0 JavaThread "Cache worker for journal cache (C:\Users\Admin\.gradle\caches\journal-1)" [_thread_blocked, id=14628, stack(0x0000002222b00000,0x0000002222c00000)]
  0x000001d0a92b4e10 JavaThread "File lock request listener" [_thread_in_native, id=12992, stack(0x0000002223300000,0x0000002223400000)]
  0x000001d0a92b5320 JavaThread "Cache worker for file hash cache (C:\Users\Admin\.gradle\caches\9.2.1\fileHashes)" [_thread_blocked, id=11824, stack(0x0000002223400000,0x0000002223500000)]
  0x000001d0a92f33e0 JavaThread "File watcher server" daemon [_thread_in_native, id=2092, stack(0x0000002223700000,0x0000002223800000)]
  0x000001d0a92eddd0 JavaThread "File watcher consumer" daemon [_thread_blocked, id=1852, stack(0x0000002223800000,0x0000002223900000)]
  0x000001d0a92f1a90 JavaThread "jar transforms" [_thread_blocked, id=2628, stack(0x0000002223900000,0x0000002223a00000)]
  0x000001d0a92f0b60 JavaThread "jar transforms Thread 2" [_thread_blocked, id=10136, stack(0x0000002223a00000,0x0000002223b00000)]
  0x000001d0a92ef720 JavaThread "jar transforms Thread 3" [_thread_blocked, id=15140, stack(0x0000002223b00000,0x0000002223c00000)]
  0x000001d0a92f5240 JavaThread "Cache worker for file content cache (C:\Users\Admin\.gradle\caches\9.2.1\fileContent)" [_thread_blocked, id=5676, stack(0x0000002223d00000,0x0000002223e00000)]
  0x000001d0a92f1fa0 JavaThread "jar transforms Thread 4" [_thread_blocked, id=11972, stack(0x0000002224000000,0x0000002224100000)]
  0x000001d0a92f29c0 Thread [stack: 0x0000002224300000,0x0000002224400000] [id=13404]
  0x000001d0a92f5750 Thread [stack: 0x0000002224600000,0x0000002224700000] [id=11640]
  0x000001d0a92b4900 Thread [stack: 0x0000002224a00000,0x0000002224b00000] [id=1560]
  0x000001d0a92b2fb0 JavaThread "Memory manager" [_thread_blocked, id=11844, stack(0x0000002224b00000,0x0000002224c00000)]
  0x000001d0a9e51e50 Thread [stack: 0x0000002224d00000,0x0000002224e00000] [id=10992]
  0x000001d0a9e52360 Thread [stack: 0x0000002224e00000,0x0000002224f00000] [id=13528]
  0x000001d0a9e53cb0 Thread [stack: 0x0000002225700000,0x0000002225800000] [id=6228]
  0x000001d0a9e4f5d0 Thread [stack: 0x0000002225900000,0x0000002225a00000] [id=4392]
  0x000001d0a9e4e190 Thread [stack: 0x0000002226200000,0x0000002226300000] [id=14692]
  0x000001d0aa714260 Thread [stack: 0x0000002226500000,0x0000002226600000] [id=14408]
  0x000001d0aa717a10 JavaThread "ForkJoinPool.commonPool-worker-1" daemon [_thread_blocked, id=8544, stack(0x0000002226c00000,0x0000002226d00000)]
  0x000001d0aa714770 JavaThread "ForkJoinPool.commonPool-worker-2" daemon [_thread_blocked, id=6708, stack(0x0000002226d00000,0x0000002226e00000)]
  0x000001d0aa712910 JavaThread "ForkJoinPool.commonPool-worker-3" daemon [_thread_blocked, id=4908, stack(0x0000002226e00000,0x0000002226f00000)]
  0x000001d0aa715190 JavaThread "included builds" [_thread_blocked, id=4312, stack(0x0000002226f00000,0x0000002227000000)]

Other Threads:
  0x000001d0fea70b20 VMThread "VM Thread" [stack: 0x0000002221800000,0x0000002221900000] [id=10604]
  0x000001d0f3723790 WatcherThread [stack: 0x0000002222400000,0x0000002222500000] [id=1932]
  0x000001d0f374f540 GCTaskThread "GC Thread#0" [stack: 0x0000002221300000,0x0000002221400000] [id=2276]
  0x000001d0fef25ca0 GCTaskThread "GC Thread#1" [stack: 0x0000002222600000,0x0000002222700000] [id=13944]
  0x000001d0fef25f60 GCTaskThread "GC Thread#2" [stack: 0x0000002222700000,0x0000002222800000] [id=14520]
  0x000001d0fef02f20 GCTaskThread "GC Thread#3" [stack: 0x0000002222800000,0x0000002222900000] [id=11556]
  0x000001d0f37553b0 ConcurrentGCThread "G1 Main Marker" [stack: 0x0000002221400000,0x0000002221500000] [id=15132]
  0x000001d0f3755ce0 ConcurrentGCThread "G1 Conc#0" [stack: 0x0000002221500000,0x0000002221600000] [id=12008]
  0x000001d0f37dcdd0 ConcurrentGCThread "G1 Refine#0" [stack: 0x0000002221600000,0x0000002221700000] [id=13908]
  0x000001d0aaaaf490 ConcurrentGCThread "G1 Refine#1" [stack: 0x0000002224100000,0x0000002224200000] [id=12744]
  0x000001d0a932eab0 ConcurrentGCThread "G1 Refine#2" [stack: 0x0000002224c00000,0x0000002224d00000] [id=3108]
  0x000001d0f37dd710 ConcurrentGCThread "G1 Service" [stack: 0x0000002221700000,0x0000002221800000] [id=7604]

Threads with active compile tasks:
C2 CompilerThread0  34866 10497       4       org.gradle.internal.service.DefaultServiceRegistry$OwnServices::getService (317 bytes)

VM state: not at safepoint (normal execution)

VM Mutex/Monitor currently owned by a thread: None

Heap address: 0x00000000e0000000, size: 512 MB, Compressed Oops mode: 32-bit

CDS archive(s) mapped at: [0x000001d08f000000-0x000001d08fbb0000-0x000001d08fbb0000), size 12255232, SharedBaseAddress: 0x000001d08f000000, ArchiveRelocationMode: 1.
Compressed class space mapped at: 0x000001d090000000-0x000001d0a4000000, reserved size: 335544320
Narrow klass base: 0x000001d08f000000, Narrow klass shift: 0, Narrow klass range: 0x100000000

GC Precious Log:
 CPUs: 4 total, 4 available
 Memory: 7934M
 Large Page Support: Disabled
 NUMA Support: Disabled
 Compressed Oops: Enabled (32-bit)
 Heap Region Size: 1M
 Heap Min Capacity: 256M
 Heap Initial Capacity: 256M
 Heap Max Capacity: 512M
 Pre-touch: Disabled
 Parallel Workers: 4
 Concurrent Workers: 1
 Concurrent Refinement Workers: 4
 Periodic GC: Disabled

Heap:
 garbage-first heap   total 262144K, used 110488K [0x00000000e0000000, 0x0000000100000000)
  region size 1024K, 73 young (74752K), 14 survivors (14336K)
 Metaspace       used 66241K, committed 67136K, reserved 393216K
  class space    used 9384K, committed 9792K, reserved 327680K

Heap Regions: E=young(eden), S=young(survivor), O=old, HS=humongous(starts), HC=humongous(continues), CS=collection set, F=free, OA=open archive, CA=closed archive, TAMS=top-at-mark-start (previous, next)
|   0|0x00000000e0000000, 0x00000000e0100000, 0x00000000e0100000|100%|HS|  |TAMS 0x00000000e0100000, 0x00000000e0000000| Complete 
|   1|0x00000000e0100000, 0x00000000e0200000, 0x00000000e0200000|100%|HC|  |TAMS 0x00000000e0200000, 0x00000000e0100000| Complete 
|   2|0x00000000e0200000, 0x00000000e0300000, 0x00000000e0300000|100%|HC|  |TAMS 0x00000000e0300000, 0x00000000e0200000| Complete 
|   3|0x00000000e0300000, 0x00000000e0400000, 0x00000000e0400000|100%|HC|  |TAMS 0x00000000e0400000, 0x00000000e0300000| Complete 
|   4|0x00000000e0400000, 0x00000000e0500000, 0x00000000e0500000|100%| O|  |TAMS 0x00000000e0500000, 0x00000000e0400000| Untracked 
|   5|0x00000000e0500000, 0x00000000e0600000, 0x00000000e0600000|100%| O|  |TAMS 0x00000000e0600000, 0x00000000e0500000| Untracked 
|   6|0x00000000e0600000, 0x00000000e0700000, 0x00000000e0700000|100%| O|  |TAMS 0x00000000e0700000, 0x00000000e0600000| Untracked 
|   7|0x00000000e0700000, 0x00000000e0800000, 0x00000000e0800000|100%| O|  |TAMS 0x00000000e0800000, 0x00000000e0700000| Untracked 
|   8|0x00000000e0800000, 0x00000000e0900000, 0x00000000e0900000|100%|HS|  |TAMS 0x00000000e0900000, 0x00000000e0800000| Complete 
|   9|0x00000000e0900000, 0x00000000e0a00000, 0x00000000e0a00000|100%| O|  |TAMS 0x00000000e0a00000, 0x00000000e0900000| Untracked 
|  10|0x00000000e0a00000, 0x00000000e0b00000, 0x00000000e0b00000|100%| O|  |TAMS 0x00000000e0b00000, 0x00000000e0a00000| Untracked 
|  11|0x00000000e0b00000, 0x00000000e0c00000, 0x00000000e0c00000|100%| O|  |TAMS 0x00000000e0c00000, 0x00000000e0b00000| Untracked 
|  12|0x00000000e0c00000, 0x00000000e0d00000, 0x00000000e0d00000|100%| O|  |TAMS 0x00000000e0d00000, 0x00000000e0c00000| Untracked 
|  13|0x00000000e0d00000, 0x00000000e0e00000, 0x00000000e0e00000|100%| O|  |TAMS 0x00000000e0e00000, 0x00000000e0d00000| Untracked 
|  14|0x00000000e0e00000, 0x00000000e0f00000, 0x00000000e0f00000|100%| O|  |TAMS 0x00000000e0f00000, 0x00000000e0e00000| Untracked 
|  15|0x00000000e0f00000, 0x00000000e1000000, 0x00000000e1000000|100%| O|  |TAMS 0x00000000e1000000, 0x00000000e0f00000| Untracked 
|  16|0x00000000e1000000, 0x00000000e1100000, 0x00000000e1100000|100%| O|  |TAMS 0x00000000e1100000, 0x00000000e1000000| Untracked 
|  17|0x00000000e1100000, 0x00000000e1200000, 0x00000000e1200000|100%| O|  |TAMS 0x00000000e1200000, 0x00000000e1100000| Untracked 
|  18|0x00000000e1200000, 0x00000000e1300000, 0x00000000e1300000|100%| O|  |TAMS 0x00000000e1300000, 0x00000000e1200000| Untracked 
|  19|0x00000000e1300000, 0x00000000e1400000, 0x00000000e1400000|100%| O|  |TAMS 0x00000000e1400000, 0x00000000e1300000| Untracked 
|  20|0x00000000e1400000, 0x00000000e1500000, 0x00000000e1500000|100%| O|  |TAMS 0x00000000e1500000, 0x00000000e1400000| Untracked 
|  21|0x00000000e1500000, 0x00000000e1600000, 0x00000000e1600000|100%| O|  |TAMS 0x00000000e1600000, 0x00000000e1500000| Untracked 
|  22|0x00000000e1600000, 0x00000000e1700000, 0x00000000e1700000|100%| O|  |TAMS 0x00000000e1700000, 0x00000000e1600000| Untracked 
|  23|0x00000000e1700000, 0x00000000e1800000, 0x00000000e1800000|100%| O|  |TAMS 0x00000000e1800000, 0x00000000e1700000| Untracked 
|  24|0x00000000e1800000, 0x00000000e1900000, 0x00000000e1900000|100%| O|  |TAMS 0x00000000e1900000, 0x00000000e1800000| Untracked 
|  25|0x00000000e1900000, 0x00000000e1a00000, 0x00000000e1a00000|100%| O|  |TAMS 0x00000000e1a00000, 0x00000000e1900000| Untracked 
|  26|0x00000000e1a00000, 0x00000000e1b00000, 0x00000000e1b00000|100%| O|  |TAMS 0x00000000e1b00000, 0x00000000e1a00000| Untracked 
|  27|0x00000000e1b00000, 0x00000000e1c00000, 0x00000000e1c00000|100%| O|  |TAMS 0x00000000e1c00000, 0x00000000e1b00000| Untracked 
|  28|0x00000000e1c00000, 0x00000000e1d00000, 0x00000000e1d00000|100%| O|  |TAMS 0x00000000e1d00000, 0x00000000e1c00000| Untracked 
|  29|0x00000000e1d00000, 0x00000000e1e00000, 0x00000000e1e00000|100%| O|  |TAMS 0x00000000e1df1a00, 0x00000000e1d00000| Untracked 
|  30|0x00000000e1e00000, 0x00000000e1f00000, 0x00000000e1f00000|100%| O|  |TAMS 0x00000000e1e00000, 0x00000000e1e00000| Untracked 
|  31|0x00000000e1f00000, 0x00000000e2000000, 0x00000000e2000000|100%| O|  |TAMS 0x00000000e1f00000, 0x00000000e1f00000| Untracked 
|  32|0x00000000e2000000, 0x00000000e2100000, 0x00000000e2100000|100%| O|  |TAMS 0x00000000e2000000, 0x00000000e2000000| Untracked 
|  33|0x00000000e2100000, 0x00000000e2200000, 0x00000000e2200000|100%| O|  |TAMS 0x00000000e2100000, 0x00000000e2100000| Untracked 
|  34|0x00000000e2200000, 0x00000000e2300000, 0x00000000e2300000|100%| O|  |TAMS 0x00000000e2200000, 0x00000000e2200000| Untracked 
|  35|0x00000000e2300000, 0x00000000e2400000, 0x00000000e2400000|100%| O|  |TAMS 0x00000000e2300000, 0x00000000e2300000| Untracked 
|  36|0x00000000e2400000, 0x00000000e24e7000, 0x00000000e2500000| 90%| O|  |TAMS 0x00000000e2400000, 0x00000000e2400000| Untracked 
|  37|0x00000000e2500000, 0x00000000e2500000, 0x00000000e2600000|  0%| F|  |TAMS 0x00000000e2500000, 0x00000000e2500000| Untracked 
|  38|0x00000000e2600000, 0x00000000e2600000, 0x00000000e2700000|  0%| F|  |TAMS 0x00000000e2600000, 0x00000000e2600000| Untracked 
|  39|0x00000000e2700000, 0x00000000e2700000, 0x00000000e2800000|  0%| F|  |TAMS 0x00000000e2700000, 0x00000000e2700000| Untracked 
|  40|0x00000000e2800000, 0x00000000e2800000, 0x00000000e2900000|  0%| F|  |TAMS 0x00000000e2800000, 0x00000000e2800000| Untracked 
|  41|0x00000000e2900000, 0x00000000e2900000, 0x00000000e2a00000|  0%| F|  |TAMS 0x00000000e2900000, 0x00000000e2900000| Untracked 
|  42|0x00000000e2a00000, 0x00000000e2a00000, 0x00000000e2b00000|  0%| F|  |TAMS 0x00000000e2a00000, 0x00000000e2a00000| Untracked 
|  43|0x00000000e2b00000, 0x00000000e2b00000, 0x00000000e2c00000|  0%| F|  |TAMS 0x00000000e2b00000, 0x00000000e2b00000| Untracked 
|  44|0x00000000e2c00000, 0x00000000e2c00000, 0x00000000e2d00000|  0%| F|  |TAMS 0x00000000e2c00000, 0x00000000e2c00000| Untracked 
|  45|0x00000000e2d00000, 0x00000000e2d00000, 0x00000000e2e00000|  0%| F|  |TAMS 0x00000000e2d00000, 0x00000000e2d00000| Untracked 
|  46|0x00000000e2e00000, 0x00000000e2e00000, 0x00000000e2f00000|  0%| F|  |TAMS 0x00000000e2e00000, 0x00000000e2e00000| Untracked 
|  47|0x00000000e2f00000, 0x00000000e2f00000, 0x00000000e3000000|  0%| F|  |TAMS 0x00000000e2f00000, 0x00000000e2f00000| Untracked 
|  48|0x00000000e3000000, 0x00000000e3000000, 0x00000000e3100000|  0%| F|  |TAMS 0x00000000e3000000, 0x00000000e3000000| Untracked 
|  49|0x00000000e3100000, 0x00000000e3100000, 0x00000000e3200000|  0%| F|  |TAMS 0x00000000e3100000, 0x00000000e3100000| Untracked 
|  50|0x00000000e3200000, 0x00000000e3200000, 0x00000000e3300000|  0%| F|  |TAMS 0x00000000e3200000, 0x00000000e3200000| Untracked 
|  51|0x00000000e3300000, 0x00000000e3300000, 0x00000000e3400000|  0%| F|  |TAMS 0x00000000e3300000, 0x00000000e3300000| Untracked 
|  52|0x00000000e3400000, 0x00000000e3400000, 0x00000000e3500000|  0%| F|  |TAMS 0x00000000e3400000, 0x00000000e3400000| Untracked 
|  53|0x00000000e3500000, 0x00000000e3500000, 0x00000000e3600000|  0%| F|  |TAMS 0x00000000e3500000, 0x00000000e3500000| Untracked 
|  54|0x00000000e3600000, 0x00000000e3600000, 0x00000000e3700000|  0%| F|  |TAMS 0x00000000e3600000, 0x00000000e3600000| Untracked 
|  55|0x00000000e3700000, 0x00000000e3700000, 0x00000000e3800000|  0%| F|  |TAMS 0x00000000e3700000, 0x00000000e3700000| Untracked 
|  56|0x00000000e3800000, 0x00000000e3800000, 0x00000000e3900000|  0%| F|  |TAMS 0x00000000e3800000, 0x00000000e3800000| Untracked 
|  57|0x00000000e3900000, 0x00000000e3900000, 0x00000000e3a00000|  0%| F|  |TAMS 0x00000000e3900000, 0x00000000e3900000| Untracked 
|  58|0x00000000e3a00000, 0x00000000e3a00000, 0x00000000e3b00000|  0%| F|  |TAMS 0x00000000e3a00000, 0x00000000e3a00000| Untracked 
|  59|0x00000000e3b00000, 0x00000000e3b00000, 0x00000000e3c00000|  0%| F|  |TAMS 0x00000000e3b00000, 0x00000000e3b00000| Untracked 
|  60|0x00000000e3c00000, 0x00000000e3c00000, 0x00000000e3d00000|  0%| F|  |TAMS 0x00000000e3c00000, 0x00000000e3c00000| Untracked 
|  61|0x00000000e3d00000, 0x00000000e3d00000, 0x00000000e3e00000|  0%| F|  |TAMS 0x00000000e3d00000, 0x00000000e3d00000| Untracked 
|  62|0x00000000e3e00000, 0x00000000e3e00000, 0x00000000e3f00000|  0%| F|  |TAMS 0x00000000e3e00000, 0x00000000e3e00000| Untracked 
|  63|0x00000000e3f00000, 0x00000000e3f00000, 0x00000000e4000000|  0%| F|  |TAMS 0x00000000e3f00000, 0x00000000e3f00000| Untracked 
|  64|0x00000000e4000000, 0x00000000e4000000, 0x00000000e4100000|  0%| F|  |TAMS 0x00000000e4000000, 0x00000000e4000000| Untracked 
|  65|0x00000000e4100000, 0x00000000e4100000, 0x00000000e4200000|  0%| F|  |TAMS 0x00000000e4100000, 0x00000000e4100000| Untracked 
|  66|0x00000000e4200000, 0x00000000e4200000, 0x00000000e4300000|  0%| F|  |TAMS 0x00000000e4200000, 0x00000000e4200000| Untracked 
|  67|0x00000000e4300000, 0x00000000e4300000, 0x00000000e4400000|  0%| F|  |TAMS 0x00000000e4300000, 0x00000000e4300000| Untracked 
|  68|0x00000000e4400000, 0x00000000e4400000, 0x00000000e4500000|  0%| F|  |TAMS 0x00000000e4400000, 0x00000000e4400000| Untracked 
|  69|0x00000000e4500000, 0x00000000e4500000, 0x00000000e4600000|  0%| F|  |TAMS 0x00000000e4500000, 0x00000000e4500000| Untracked 
|  70|0x00000000e4600000, 0x00000000e4600000, 0x00000000e4700000|  0%| F|  |TAMS 0x00000000e4600000, 0x00000000e4600000| Untracked 
|  71|0x00000000e4700000, 0x00000000e4700000, 0x00000000e4800000|  0%| F|  |TAMS 0x00000000e4700000, 0x00000000e4700000| Untracked 
|  72|0x00000000e4800000, 0x00000000e4800000, 0x00000000e4900000|  0%| F|  |TAMS 0x00000000e4800000, 0x00000000e4800000| Untracked 
|  73|0x00000000e4900000, 0x00000000e4900000, 0x00000000e4a00000|  0%| F|  |TAMS 0x00000000e4900000, 0x00000000e4900000| Untracked 
|  74|0x00000000e4a00000, 0x00000000e4a00000, 0x00000000e4b00000|  0%| F|  |TAMS 0x00000000e4a00000, 0x00000000e4a00000| Untracked 
|  75|0x00000000e4b00000, 0x00000000e4b00000, 0x00000000e4c00000|  0%| F|  |TAMS 0x00000000e4b00000, 0x00000000e4b00000| Untracked 
|  76|0x00000000e4c00000, 0x00000000e4c00000, 0x00000000e4d00000|  0%| F|  |TAMS 0x00000000e4c00000, 0x00000000e4c00000| Untracked 
|  77|0x00000000e4d00000, 0x00000000e4d00000, 0x00000000e4e00000|  0%| F|  |TAMS 0x00000000e4d00000, 0x00000000e4d00000| Untracked 
|  78|0x00000000e4e00000, 0x00000000e4e00000, 0x00000000e4f00000|  0%| F|  |TAMS 0x00000000e4e00000, 0x00000000e4e00000| Untracked 
|  79|0x00000000e4f00000, 0x00000000e4f00000, 0x00000000e5000000|  0%| F|  |TAMS 0x00000000e4f00000, 0x00000000e4f00000| Untracked 
|  80|0x00000000e5000000, 0x00000000e5000000, 0x00000000e5100000|  0%| F|  |TAMS 0x00000000e5000000, 0x00000000e5000000| Untracked 
|  81|0x00000000e5100000, 0x00000000e5100000, 0x00000000e5200000|  0%| F|  |TAMS 0x00000000e5100000, 0x00000000e5100000| Untracked 
|  82|0x00000000e5200000, 0x00000000e5200000, 0x00000000e5300000|  0%| F|  |TAMS 0x00000000e5200000, 0x00000000e5200000| Untracked 
|  83|0x00000000e5300000, 0x00000000e5300000, 0x00000000e5400000|  0%| F|  |TAMS 0x00000000e5300000, 0x00000000e5300000| Untracked 
|  84|0x00000000e5400000, 0x00000000e5400000, 0x00000000e5500000|  0%| F|  |TAMS 0x00000000e5400000, 0x00000000e5400000| Untracked 
|  85|0x00000000e5500000, 0x00000000e5500000, 0x00000000e5600000|  0%| F|  |TAMS 0x00000000e5500000, 0x00000000e5500000| Untracked 
|  86|0x00000000e5600000, 0x00000000e5600000, 0x00000000e5700000|  0%| F|  |TAMS 0x00000000e5600000, 0x00000000e5600000| Untracked 
|  87|0x00000000e5700000, 0x00000000e5700000, 0x00000000e5800000|  0%| F|  |TAMS 0x00000000e5700000, 0x00000000e5700000| Untracked 
|  88|0x00000000e5800000, 0x00000000e5800000, 0x00000000e5900000|  0%| F|  |TAMS 0x00000000e5800000, 0x00000000e5800000| Untracked 
|  89|0x00000000e5900000, 0x00000000e59ff1d0, 0x00000000e5a00000| 99%| S|CS|TAMS 0x00000000e5900000, 0x00000000e5900000| Complete 
|  90|0x00000000e5a00000, 0x00000000e5b00000, 0x00000000e5b00000|100%| S|CS|TAMS 0x00000000e5a00000, 0x00000000e5a00000| Complete 
|  91|0x00000000e5b00000, 0x00000000e5c00000, 0x00000000e5c00000|100%| S|CS|TAMS 0x00000000e5b00000, 0x00000000e5b00000| Complete 
|  92|0x00000000e5c00000, 0x00000000e5d00000, 0x00000000e5d00000|100%| S|CS|TAMS 0x00000000e5c00000, 0x00000000e5c00000| Complete 
|  93|0x00000000e5d00000, 0x00000000e5e00000, 0x00000000e5e00000|100%| S|CS|TAMS 0x00000000e5d00000, 0x00000000e5d00000| Complete 
|  94|0x00000000e5e00000, 0x00000000e5f00000, 0x00000000e5f00000|100%| S|CS|TAMS 0x00000000e5e00000, 0x00000000e5e00000| Complete 
|  95|0x00000000e5f00000, 0x00000000e6000000, 0x00000000e6000000|100%| S|CS|TAMS 0x00000000e5f00000, 0x00000000e5f00000| Complete 
|  96|0x00000000e6000000, 0x00000000e6100000, 0x00000000e6100000|100%| S|CS|TAMS 0x00000000e6000000, 0x00000000e6000000| Complete 
|  97|0x00000000e6100000, 0x00000000e6200000, 0x00000000e6200000|100%| S|CS|TAMS 0x00000000e6100000, 0x00000000e6100000| Complete 
|  98|0x00000000e6200000, 0x00000000e6300000, 0x00000000e6300000|100%| S|CS|TAMS 0x00000000e6200000, 0x00000000e6200000| Complete 
|  99|0x00000000e6300000, 0x00000000e6400000, 0x00000000e6400000|100%| S|CS|TAMS 0x00000000e6300000, 0x00000000e6300000| Complete 
| 100|0x00000000e6400000, 0x00000000e6500000, 0x00000000e6500000|100%| S|CS|TAMS 0x00000000e6400000, 0x00000000e6400000| Complete 
| 101|0x00000000e6500000, 0x00000000e6600000, 0x00000000e6600000|100%| S|CS|TAMS 0x00000000e6500000, 0x00000000e6500000| Complete 
| 102|0x00000000e6600000, 0x00000000e6700000, 0x00000000e6700000|100%| S|CS|TAMS 0x00000000e6600000, 0x00000000e6600000| Complete 
| 103|0x00000000e6700000, 0x00000000e6700000, 0x00000000e6800000|  0%| F|  |TAMS 0x00000000e6700000, 0x00000000e6700000| Untracked 
| 104|0x00000000e6800000, 0x00000000e6800000, 0x00000000e6900000|  0%| F|  |TAMS 0x00000000e6800000, 0x00000000e6800000| Untracked 
| 105|0x00000000e6900000, 0x00000000e6900000, 0x00000000e6a00000|  0%| F|  |TAMS 0x00000000e6900000, 0x00000000e6900000| Untracked 
| 106|0x00000000e6a00000, 0x00000000e6a00000, 0x00000000e6b00000|  0%| F|  |TAMS 0x00000000e6a00000, 0x00000000e6a00000| Untracked 
| 107|0x00000000e6b00000, 0x00000000e6b00000, 0x00000000e6c00000|  0%| F|  |TAMS 0x00000000e6b00000, 0x00000000e6b00000| Untracked 
| 108|0x00000000e6c00000, 0x00000000e6c00000, 0x00000000e6d00000|  0%| F|  |TAMS 0x00000000e6c00000, 0x00000000e6c00000| Untracked 
| 109|0x00000000e6d00000, 0x00000000e6d00000, 0x00000000e6e00000|  0%| F|  |TAMS 0x00000000e6d00000, 0x00000000e6d00000| Untracked 
| 110|0x00000000e6e00000, 0x00000000e6e00000, 0x00000000e6f00000|  0%| F|  |TAMS 0x00000000e6e00000, 0x00000000e6e00000| Untracked 
| 111|0x00000000e6f00000, 0x00000000e6f00000, 0x00000000e7000000|  0%| F|  |TAMS 0x00000000e6f00000, 0x00000000e6f00000| Untracked 
| 112|0x00000000e7000000, 0x00000000e7000000, 0x00000000e7100000|  0%| F|  |TAMS 0x00000000e7000000, 0x00000000e7000000| Untracked 
| 113|0x00000000e7100000, 0x00000000e7100000, 0x00000000e7200000|  0%| F|  |TAMS 0x00000000e7100000, 0x00000000e7100000| Untracked 
| 114|0x00000000e7200000, 0x00000000e7200000, 0x00000000e7300000|  0%| F|  |TAMS 0x00000000e7200000, 0x00000000e7200000| Untracked 
| 115|0x00000000e7300000, 0x00000000e7300000, 0x00000000e7400000|  0%| F|  |TAMS 0x00000000e7300000, 0x00000000e7300000| Untracked 
| 116|0x00000000e7400000, 0x00000000e7400000, 0x00000000e7500000|  0%| F|  |TAMS 0x00000000e7400000, 0x00000000e7400000| Untracked 
| 117|0x00000000e7500000, 0x00000000e7500000, 0x00000000e7600000|  0%| F|  |TAMS 0x00000000e7500000, 0x00000000e7500000| Untracked 
| 118|0x00000000e7600000, 0x00000000e7600000, 0x00000000e7700000|  0%| F|  |TAMS 0x00000000e7600000, 0x00000000e7600000| Untracked 
| 119|0x00000000e7700000, 0x00000000e7700000, 0x00000000e7800000|  0%| F|  |TAMS 0x00000000e7700000, 0x00000000e7700000| Untracked 
| 120|0x00000000e7800000, 0x00000000e7800000, 0x00000000e7900000|  0%| F|  |TAMS 0x00000000e7800000, 0x00000000e7800000| Untracked 
| 121|0x00000000e7900000, 0x00000000e7900000, 0x00000000e7a00000|  0%| F|  |TAMS 0x00000000e7900000, 0x00000000e7900000| Untracked 
| 122|0x00000000e7a00000, 0x00000000e7a00000, 0x00000000e7b00000|  0%| F|  |TAMS 0x00000000e7a00000, 0x00000000e7a00000| Untracked 
| 123|0x00000000e7b00000, 0x00000000e7b00000, 0x00000000e7c00000|  0%| F|  |TAMS 0x00000000e7b00000, 0x00000000e7b00000| Untracked 
| 124|0x00000000e7c00000, 0x00000000e7c00000, 0x00000000e7d00000|  0%| F|  |TAMS 0x00000000e7c00000, 0x00000000e7c00000| Untracked 
| 125|0x00000000e7d00000, 0x00000000e7d00000, 0x00000000e7e00000|  0%| F|  |TAMS 0x00000000e7d00000, 0x00000000e7d00000| Untracked 
| 126|0x00000000e7e00000, 0x00000000e7e00000, 0x00000000e7f00000|  0%| F|  |TAMS 0x00000000e7e00000, 0x00000000e7e00000| Untracked 
| 127|0x00000000e7f00000, 0x00000000e7f00000, 0x00000000e8000000|  0%| F|  |TAMS 0x00000000e7f00000, 0x00000000e7f00000| Untracked 
| 128|0x00000000e8000000, 0x00000000e8000000, 0x00000000e8100000|  0%| F|  |TAMS 0x00000000e8000000, 0x00000000e8000000| Untracked 
| 129|0x00000000e8100000, 0x00000000e8100000, 0x00000000e8200000|  0%| F|  |TAMS 0x00000000e8100000, 0x00000000e8100000| Untracked 
| 130|0x00000000e8200000, 0x00000000e8200000, 0x00000000e8300000|  0%| F|  |TAMS 0x00000000e8200000, 0x00000000e8200000| Untracked 
| 131|0x00000000e8300000, 0x00000000e8300000, 0x00000000e8400000|  0%| F|  |TAMS 0x00000000e8300000, 0x00000000e8300000| Untracked 
| 132|0x00000000e8400000, 0x00000000e8400000, 0x00000000e8500000|  0%| F|  |TAMS 0x00000000e8400000, 0x00000000e8400000| Untracked 
| 133|0x00000000e8500000, 0x00000000e8500000, 0x00000000e8600000|  0%| F|  |TAMS 0x00000000e8500000, 0x00000000e8500000| Untracked 
| 134|0x00000000e8600000, 0x00000000e8600000, 0x00000000e8700000|  0%| F|  |TAMS 0x00000000e8600000, 0x00000000e8600000| Untracked 
| 135|0x00000000e8700000, 0x00000000e8700000, 0x00000000e8800000|  0%| F|  |TAMS 0x00000000e8700000, 0x00000000e8700000| Untracked 
| 136|0x00000000e8800000, 0x00000000e8800000, 0x00000000e8900000|  0%| F|  |TAMS 0x00000000e8800000, 0x00000000e8800000| Untracked 
| 137|0x00000000e8900000, 0x00000000e8900000, 0x00000000e8a00000|  0%| F|  |TAMS 0x00000000e8900000, 0x00000000e8900000| Untracked 
| 138|0x00000000e8a00000, 0x00000000e8a00000, 0x00000000e8b00000|  0%| F|  |TAMS 0x00000000e8a00000, 0x00000000e8a00000| Untracked 
| 139|0x00000000e8b00000, 0x00000000e8b00000, 0x00000000e8c00000|  0%| F|  |TAMS 0x00000000e8b00000, 0x00000000e8b00000| Untracked 
| 140|0x00000000e8c00000, 0x00000000e8c00000, 0x00000000e8d00000|  0%| F|  |TAMS 0x00000000e8c00000, 0x00000000e8c00000| Untracked 
| 141|0x00000000e8d00000, 0x00000000e8d00000, 0x00000000e8e00000|  0%| F|  |TAMS 0x00000000e8d00000, 0x00000000e8d00000| Untracked 
| 142|0x00000000e8e00000, 0x00000000e8e00000, 0x00000000e8f00000|  0%| F|  |TAMS 0x00000000e8e00000, 0x00000000e8e00000| Untracked 
| 143|0x00000000e8f00000, 0x00000000e8f00000, 0x00000000e9000000|  0%| F|  |TAMS 0x00000000e8f00000, 0x00000000e8f00000| Untracked 
| 144|0x00000000e9000000, 0x00000000e9000000, 0x00000000e9100000|  0%| F|  |TAMS 0x00000000e9000000, 0x00000000e9000000| Untracked 
| 145|0x00000000e9100000, 0x00000000e9100000, 0x00000000e9200000|  0%| F|  |TAMS 0x00000000e9100000, 0x00000000e9100000| Untracked 
| 146|0x00000000e9200000, 0x00000000e9200000, 0x00000000e9300000|  0%| F|  |TAMS 0x00000000e9200000, 0x00000000e9200000| Untracked 
| 147|0x00000000e9300000, 0x00000000e9300000, 0x00000000e9400000|  0%| F|  |TAMS 0x00000000e9300000, 0x00000000e9300000| Untracked 
| 148|0x00000000e9400000, 0x00000000e9400000, 0x00000000e9500000|  0%| F|  |TAMS 0x00000000e9400000, 0x00000000e9400000| Untracked 
| 149|0x00000000e9500000, 0x00000000e9500000, 0x00000000e9600000|  0%| F|  |TAMS 0x00000000e9500000, 0x00000000e9500000| Untracked 
| 150|0x00000000e9600000, 0x00000000e9600000, 0x00000000e9700000|  0%| F|  |TAMS 0x00000000e9600000, 0x00000000e9600000| Untracked 
| 151|0x00000000e9700000, 0x00000000e9700000, 0x00000000e9800000|  0%| F|  |TAMS 0x00000000e9700000, 0x00000000e9700000| Untracked 
| 152|0x00000000e9800000, 0x00000000e9800000, 0x00000000e9900000|  0%| F|  |TAMS 0x00000000e9800000, 0x00000000e9800000| Untracked 
| 153|0x00000000e9900000, 0x00000000e9900000, 0x00000000e9a00000|  0%| F|  |TAMS 0x00000000e9900000, 0x00000000e9900000| Untracked 
| 154|0x00000000e9a00000, 0x00000000e9a00000, 0x00000000e9b00000|  0%| F|  |TAMS 0x00000000e9a00000, 0x00000000e9a00000| Untracked 
| 155|0x00000000e9b00000, 0x00000000e9b00000, 0x00000000e9c00000|  0%| F|  |TAMS 0x00000000e9b00000, 0x00000000e9b00000| Untracked 
| 156|0x00000000e9c00000, 0x00000000e9c00000, 0x00000000e9d00000|  0%| F|  |TAMS 0x00000000e9c00000, 0x00000000e9c00000| Untracked 
| 157|0x00000000e9d00000, 0x00000000e9d00000, 0x00000000e9e00000|  0%| F|  |TAMS 0x00000000e9d00000, 0x00000000e9d00000| Untracked 
| 158|0x00000000e9e00000, 0x00000000e9e00000, 0x00000000e9f00000|  0%| F|  |TAMS 0x00000000e9e00000, 0x00000000e9e00000| Untracked 
| 159|0x00000000e9f00000, 0x00000000e9f00000, 0x00000000ea000000|  0%| F|  |TAMS 0x00000000e9f00000, 0x00000000e9f00000| Untracked 
| 160|0x00000000ea000000, 0x00000000ea000000, 0x00000000ea100000|  0%| F|  |TAMS 0x00000000ea000000, 0x00000000ea000000| Untracked 
| 161|0x00000000ea100000, 0x00000000ea100000, 0x00000000ea200000|  0%| F|  |TAMS 0x00000000ea100000, 0x00000000ea100000| Untracked 
| 162|0x00000000ea200000, 0x00000000ea200000, 0x00000000ea300000|  0%| F|  |TAMS 0x00000000ea200000, 0x00000000ea200000| Untracked 
| 163|0x00000000ea300000, 0x00000000ea300000, 0x00000000ea400000|  0%| F|  |TAMS 0x00000000ea300000, 0x00000000ea300000| Untracked 
| 164|0x00000000ea400000, 0x00000000ea400000, 0x00000000ea500000|  0%| F|  |TAMS 0x00000000ea400000, 0x00000000ea400000| Untracked 
| 165|0x00000000ea500000, 0x00000000ea500000, 0x00000000ea600000|  0%| F|  |TAMS 0x00000000ea500000, 0x00000000ea500000| Untracked 
| 166|0x00000000ea600000, 0x00000000ea600000, 0x00000000ea700000|  0%| F|  |TAMS 0x00000000ea600000, 0x00000000ea600000| Untracked 
| 167|0x00000000ea700000, 0x00000000ea700000, 0x00000000ea800000|  0%| F|  |TAMS 0x00000000ea700000, 0x00000000ea700000| Untracked 
| 168|0x00000000ea800000, 0x00000000ea800000, 0x00000000ea900000|  0%| F|  |TAMS 0x00000000ea800000, 0x00000000ea800000| Untracked 
| 169|0x00000000ea900000, 0x00000000ea900000, 0x00000000eaa00000|  0%| F|  |TAMS 0x00000000ea900000, 0x00000000ea900000| Untracked 
| 170|0x00000000eaa00000, 0x00000000eaa00000, 0x00000000eab00000|  0%| F|  |TAMS 0x00000000eaa00000, 0x00000000eaa00000| Untracked 
| 171|0x00000000eab00000, 0x00000000eab00000, 0x00000000eac00000|  0%| F|  |TAMS 0x00000000eab00000, 0x00000000eab00000| Untracked 
| 172|0x00000000eac00000, 0x00000000eac00000, 0x00000000ead00000|  0%| F|  |TAMS 0x00000000eac00000, 0x00000000eac00000| Untracked 
| 173|0x00000000ead00000, 0x00000000ead00000, 0x00000000eae00000|  0%| F|  |TAMS 0x00000000ead00000, 0x00000000ead00000| Untracked 
| 174|0x00000000eae00000, 0x00000000eae00000, 0x00000000eaf00000|  0%| F|  |TAMS 0x00000000eae00000, 0x00000000eae00000| Untracked 
| 175|0x00000000eaf00000, 0x00000000eaf00000, 0x00000000eb000000|  0%| F|  |TAMS 0x00000000eaf00000, 0x00000000eaf00000| Untracked 
| 176|0x00000000eb000000, 0x00000000eb000000, 0x00000000eb100000|  0%| F|  |TAMS 0x00000000eb000000, 0x00000000eb000000| Untracked 
| 177|0x00000000eb100000, 0x00000000eb100000, 0x00000000eb200000|  0%| F|  |TAMS 0x00000000eb100000, 0x00000000eb100000| Untracked 
| 178|0x00000000eb200000, 0x00000000eb200000, 0x00000000eb300000|  0%| F|  |TAMS 0x00000000eb200000, 0x00000000eb200000| Untracked 
| 179|0x00000000eb300000, 0x00000000eb300000, 0x00000000eb400000|  0%| F|  |TAMS 0x00000000eb300000, 0x00000000eb300000| Untracked 
| 180|0x00000000eb400000, 0x00000000eb400000, 0x00000000eb500000|  0%| F|  |TAMS 0x00000000eb400000, 0x00000000eb400000| Untracked 
| 181|0x00000000eb500000, 0x00000000eb500000, 0x00000000eb600000|  0%| F|  |TAMS 0x00000000eb500000, 0x00000000eb500000| Untracked 
| 182|0x00000000eb600000, 0x00000000eb600000, 0x00000000eb700000|  0%| F|  |TAMS 0x00000000eb600000, 0x00000000eb600000| Untracked 
| 183|0x00000000eb700000, 0x00000000eb700000, 0x00000000eb800000|  0%| F|  |TAMS 0x00000000eb700000, 0x00000000eb700000| Untracked 
| 184|0x00000000eb800000, 0x00000000eb800000, 0x00000000eb900000|  0%| F|  |TAMS 0x00000000eb800000, 0x00000000eb800000| Untracked 
| 185|0x00000000eb900000, 0x00000000eb900000, 0x00000000eba00000|  0%| F|  |TAMS 0x00000000eb900000, 0x00000000eb900000| Untracked 
| 186|0x00000000eba00000, 0x00000000eba00000, 0x00000000ebb00000|  0%| F|  |TAMS 0x00000000eba00000, 0x00000000eba00000| Untracked 
| 187|0x00000000ebb00000, 0x00000000ebb00000, 0x00000000ebc00000|  0%| F|  |TAMS 0x00000000ebb00000, 0x00000000ebb00000| Untracked 
| 188|0x00000000ebc00000, 0x00000000ebc00000, 0x00000000ebd00000|  0%| F|  |TAMS 0x00000000ebc00000, 0x00000000ebc00000| Untracked 
| 189|0x00000000ebd00000, 0x00000000ebd00000, 0x00000000ebe00000|  0%| F|  |TAMS 0x00000000ebd00000, 0x00000000ebd00000| Untracked 
| 190|0x00000000ebe00000, 0x00000000ebe00000, 0x00000000ebf00000|  0%| F|  |TAMS 0x00000000ebe00000, 0x00000000ebe00000| Untracked 
| 191|0x00000000ebf00000, 0x00000000ebf00000, 0x00000000ec000000|  0%| F|  |TAMS 0x00000000ebf00000, 0x00000000ebf00000| Untracked 
| 192|0x00000000ec000000, 0x00000000ec000000, 0x00000000ec100000|  0%| F|  |TAMS 0x00000000ec000000, 0x00000000ec000000| Untracked 
| 193|0x00000000ec100000, 0x00000000ec100000, 0x00000000ec200000|  0%| F|  |TAMS 0x00000000ec100000, 0x00000000ec100000| Untracked 
| 194|0x00000000ec200000, 0x00000000ec200000, 0x00000000ec300000|  0%| F|  |TAMS 0x00000000ec200000, 0x00000000ec200000| Untracked 
| 195|0x00000000ec300000, 0x00000000ec300000, 0x00000000ec400000|  0%| F|  |TAMS 0x00000000ec300000, 0x00000000ec300000| Untracked 
| 196|0x00000000ec400000, 0x00000000ec400000, 0x00000000ec500000|  0%| F|  |TAMS 0x00000000ec400000, 0x00000000ec400000| Untracked 
| 197|0x00000000ec500000, 0x00000000ec600000, 0x00000000ec600000|100%| E|  |TAMS 0x00000000ec500000, 0x00000000ec500000| Complete 
| 198|0x00000000ec600000, 0x00000000ec700000, 0x00000000ec700000|100%| E|CS|TAMS 0x00000000ec600000, 0x00000000ec600000| Complete 
| 199|0x00000000ec700000, 0x00000000ec800000, 0x00000000ec800000|100%| E|CS|TAMS 0x00000000ec700000, 0x00000000ec700000| Complete 
| 200|0x00000000ec800000, 0x00000000ec900000, 0x00000000ec900000|100%| E|CS|TAMS 0x00000000ec800000, 0x00000000ec800000| Complete 
| 201|0x00000000ec900000, 0x00000000eca00000, 0x00000000eca00000|100%| E|CS|TAMS 0x00000000ec900000, 0x00000000ec900000| Complete 
| 202|0x00000000eca00000, 0x00000000ecb00000, 0x00000000ecb00000|100%| E|CS|TAMS 0x00000000eca00000, 0x00000000eca00000| Complete 
| 203|0x00000000ecb00000, 0x00000000ecc00000, 0x00000000ecc00000|100%| E|CS|TAMS 0x00000000ecb00000, 0x00000000ecb00000| Complete 
| 204|0x00000000ecc00000, 0x00000000ecd00000, 0x00000000ecd00000|100%| E|CS|TAMS 0x00000000ecc00000, 0x00000000ecc00000| Complete 
| 205|0x00000000ecd00000, 0x00000000ece00000, 0x00000000ece00000|100%| E|CS|TAMS 0x00000000ecd00000, 0x00000000ecd00000| Complete 
| 206|0x00000000ece00000, 0x00000000ecf00000, 0x00000000ecf00000|100%| E|CS|TAMS 0x00000000ece00000, 0x00000000ece00000| Complete 
| 207|0x00000000ecf00000, 0x00000000ed000000, 0x00000000ed000000|100%| E|CS|TAMS 0x00000000ecf00000, 0x00000000ecf00000| Complete 
| 208|0x00000000ed000000, 0x00000000ed100000, 0x00000000ed100000|100%| E|CS|TAMS 0x00000000ed000000, 0x00000000ed000000| Complete 
| 209|0x00000000ed100000, 0x00000000ed200000, 0x00000000ed200000|100%| E|CS|TAMS 0x00000000ed100000, 0x00000000ed100000| Complete 
| 210|0x00000000ed200000, 0x00000000ed300000, 0x00000000ed300000|100%| E|CS|TAMS 0x00000000ed200000, 0x00000000ed200000| Complete 
| 211|0x00000000ed300000, 0x00000000ed400000, 0x00000000ed400000|100%| E|CS|TAMS 0x00000000ed300000, 0x00000000ed300000| Complete 
| 212|0x00000000ed400000, 0x00000000ed500000, 0x00000000ed500000|100%| E|CS|TAMS 0x00000000ed400000, 0x00000000ed400000| Complete 
| 213|0x00000000ed500000, 0x00000000ed600000, 0x00000000ed600000|100%| E|CS|TAMS 0x00000000ed500000, 0x00000000ed500000| Complete 
| 214|0x00000000ed600000, 0x00000000ed700000, 0x00000000ed700000|100%| E|CS|TAMS 0x00000000ed600000, 0x00000000ed600000| Complete 
| 215|0x00000000ed700000, 0x00000000ed800000, 0x00000000ed800000|100%| E|CS|TAMS 0x00000000ed700000, 0x00000000ed700000| Complete 
| 216|0x00000000ed800000, 0x00000000ed900000, 0x00000000ed900000|100%| E|CS|TAMS 0x00000000ed800000, 0x00000000ed800000| Complete 
| 217|0x00000000ed900000, 0x00000000eda00000, 0x00000000eda00000|100%| E|CS|TAMS 0x00000000ed900000, 0x00000000ed900000| Complete 
| 218|0x00000000eda00000, 0x00000000edb00000, 0x00000000edb00000|100%| E|CS|TAMS 0x00000000eda00000, 0x00000000eda00000| Complete 
| 219|0x00000000edb00000, 0x00000000edc00000, 0x00000000edc00000|100%| E|CS|TAMS 0x00000000edb00000, 0x00000000edb00000| Complete 
| 220|0x00000000edc00000, 0x00000000edd00000, 0x00000000edd00000|100%| E|CS|TAMS 0x00000000edc00000, 0x00000000edc00000| Complete 
| 221|0x00000000edd00000, 0x00000000ede00000, 0x00000000ede00000|100%| E|CS|TAMS 0x00000000edd00000, 0x00000000edd00000| Complete 
| 222|0x00000000ede00000, 0x00000000edf00000, 0x00000000edf00000|100%| E|CS|TAMS 0x00000000ede00000, 0x00000000ede00000| Complete 
| 223|0x00000000edf00000, 0x00000000ee000000, 0x00000000ee000000|100%| E|CS|TAMS 0x00000000edf00000, 0x00000000edf00000| Complete 
| 224|0x00000000ee000000, 0x00000000ee100000, 0x00000000ee100000|100%| E|CS|TAMS 0x00000000ee000000, 0x00000000ee000000| Complete 
| 225|0x00000000ee100000, 0x00000000ee200000, 0x00000000ee200000|100%| E|CS|TAMS 0x00000000ee100000, 0x00000000ee100000| Complete 
| 226|0x00000000ee200000, 0x00000000ee300000, 0x00000000ee300000|100%| E|CS|TAMS 0x00000000ee200000, 0x00000000ee200000| Complete 
| 227|0x00000000ee300000, 0x00000000ee400000, 0x00000000ee400000|100%| E|CS|TAMS 0x00000000ee300000, 0x00000000ee300000| Complete 
| 228|0x00000000ee400000, 0x00000000ee500000, 0x00000000ee500000|100%| E|CS|TAMS 0x00000000ee400000, 0x00000000ee400000| Complete 
| 229|0x00000000ee500000, 0x00000000ee600000, 0x00000000ee600000|100%| E|CS|TAMS 0x00000000ee500000, 0x00000000ee500000| Complete 
| 230|0x00000000ee600000, 0x00000000ee700000, 0x00000000ee700000|100%| E|CS|TAMS 0x00000000ee600000, 0x00000000ee600000| Complete 
| 231|0x00000000ee700000, 0x00000000ee800000, 0x00000000ee800000|100%| E|CS|TAMS 0x00000000ee700000, 0x00000000ee700000| Complete 
| 232|0x00000000ee800000, 0x00000000ee900000, 0x00000000ee900000|100%| E|CS|TAMS 0x00000000ee800000, 0x00000000ee800000| Complete 
| 233|0x00000000ee900000, 0x00000000eea00000, 0x00000000eea00000|100%| E|CS|TAMS 0x00000000ee900000, 0x00000000ee900000| Complete 
| 234|0x00000000eea00000, 0x00000000eeb00000, 0x00000000eeb00000|100%| E|CS|TAMS 0x00000000eea00000, 0x00000000eea00000| Complete 
| 235|0x00000000eeb00000, 0x00000000eec00000, 0x00000000eec00000|100%| E|CS|TAMS 0x00000000eeb00000, 0x00000000eeb00000| Complete 
| 236|0x00000000eec00000, 0x00000000eed00000, 0x00000000eed00000|100%| E|CS|TAMS 0x00000000eec00000, 0x00000000eec00000| Complete 
| 237|0x00000000eed00000, 0x00000000eee00000, 0x00000000eee00000|100%| E|CS|TAMS 0x00000000eed00000, 0x00000000eed00000| Complete 
| 238|0x00000000eee00000, 0x00000000eef00000, 0x00000000eef00000|100%| E|CS|TAMS 0x00000000eee00000, 0x00000000eee00000| Complete 
| 239|0x00000000eef00000, 0x00000000ef000000, 0x00000000ef000000|100%| E|CS|TAMS 0x00000000eef00000, 0x00000000eef00000| Complete 
| 240|0x00000000ef000000, 0x00000000ef100000, 0x00000000ef100000|100%| E|CS|TAMS 0x00000000ef000000, 0x00000000ef000000| Complete 
| 241|0x00000000ef100000, 0x00000000ef200000, 0x00000000ef200000|100%| E|CS|TAMS 0x00000000ef100000, 0x00000000ef100000| Complete 
| 242|0x00000000ef200000, 0x00000000ef300000, 0x00000000ef300000|100%| E|CS|TAMS 0x00000000ef200000, 0x00000000ef200000| Complete 
| 243|0x00000000ef300000, 0x00000000ef400000, 0x00000000ef400000|100%| E|CS|TAMS 0x00000000ef300000, 0x00000000ef300000| Complete 
| 244|0x00000000ef400000, 0x00000000ef500000, 0x00000000ef500000|100%| E|CS|TAMS 0x00000000ef400000, 0x00000000ef400000| Complete 
| 245|0x00000000ef500000, 0x00000000ef600000, 0x00000000ef600000|100%| E|CS|TAMS 0x00000000ef500000, 0x00000000ef500000| Complete 
| 246|0x00000000ef600000, 0x00000000ef700000, 0x00000000ef700000|100%| E|CS|TAMS 0x00000000ef600000, 0x00000000ef600000| Complete 
| 247|0x00000000ef700000, 0x00000000ef800000, 0x00000000ef800000|100%| E|CS|TAMS 0x00000000ef700000, 0x00000000ef700000| Complete 
| 248|0x00000000ef800000, 0x00000000ef900000, 0x00000000ef900000|100%| E|CS|TAMS 0x00000000ef800000, 0x00000000ef800000| Complete 
| 249|0x00000000ef900000, 0x00000000efa00000, 0x00000000efa00000|100%| E|CS|TAMS 0x00000000ef900000, 0x00000000ef900000| Complete 
| 250|0x00000000efa00000, 0x00000000efb00000, 0x00000000efb00000|100%| E|CS|TAMS 0x00000000efa00000, 0x00000000efa00000| Complete 
| 251|0x00000000efb00000, 0x00000000efc00000, 0x00000000efc00000|100%| E|CS|TAMS 0x00000000efb00000, 0x00000000efb00000| Complete 
| 252|0x00000000efc00000, 0x00000000efd00000, 0x00000000efd00000|100%| E|  |TAMS 0x00000000efc00000, 0x00000000efc00000| Complete 
| 253|0x00000000efd00000, 0x00000000efe00000, 0x00000000efe00000|100%| E|CS|TAMS 0x00000000efd00000, 0x00000000efd00000| Complete 
| 254|0x00000000efe00000, 0x00000000eff00000, 0x00000000eff00000|100%| E|CS|TAMS 0x00000000efe00000, 0x00000000efe00000| Complete 
| 255|0x00000000eff00000, 0x00000000f0000000, 0x00000000f0000000|100%| E|CS|TAMS 0x00000000eff00000, 0x00000000eff00000| Complete 

Card table byte_map: [0x000001d0fb2a0000,0x000001d0fb3a0000] _byte_map_base: 0x000001d0faba0000

Marking Bits (Prev, Next): (CMBitMap*) 0x000001d0f374fab0, (CMBitMap*) 0x000001d0f374fa70
 Prev Bits: [0x000001d0fbca0000, 0x000001d0fc4a0000)
 Next Bits: [0x000001d0fb4a0000, 0x000001d0fbca0000)

Polling page: 0x000001d0f14c0000

Metaspace:

Usage:
  Non-class:     55.53 MB used.
      Class:      9.16 MB used.
       Both:     64.69 MB used.

Virtual space:
  Non-class space:       64.00 MB reserved,      56.00 MB ( 88%) committed,  1 nodes.
      Class space:      320.00 MB reserved,       9.56 MB (  3%) committed,  1 nodes.
             Both:      384.00 MB reserved,      65.56 MB ( 17%) committed. 

Chunk freelists:
   Non-Class:  7.86 MB
       Class:  6.26 MB
        Both:  14.12 MB

MaxMetaspaceSize: 384.00 MB
CompressedClassSpaceSize: 320.00 MB
Initial GC threshold: 21.00 MB
Current GC threshold: 98.56 MB
CDS: on
MetaspaceReclaimPolicy: balanced
 - commit_granule_bytes: 65536.
 - commit_granule_words: 8192.
 - virtual_space_node_default_size: 8388608.
 - enlarge_chunks_in_place: 1.
 - new_chunks_are_fully_committed: 0.
 - uncommit_free_chunks: 1.
 - use_allocation_guard: 0.
 - handle_deallocations: 1.


Internal statistics:

num_allocs_failed_limit: 9.
num_arena_births: 1286.
num_arena_deaths: 0.
num_vsnodes_births: 2.
num_vsnodes_deaths: 0.
num_space_committed: 1049.
num_space_uncommitted: 0.
num_chunks_returned_to_freelist: 9.
num_chunks_taken_from_freelist: 4277.
num_chunk_merges: 9.
num_chunk_splits: 2706.
num_chunks_enlarged: 1682.
num_inconsistent_stats: 0.

CodeHeap 'non-profiled nmethods': size=120000Kb used=4760Kb max_used=4760Kb free=115240Kb
 bounds [0x000001d087ad0000, 0x000001d087f80000, 0x000001d08f000000]
CodeHeap 'profiled nmethods': size=120000Kb used=18524Kb max_used=18524Kb free=101475Kb
 bounds [0x000001d080000000, 0x000001d081220000, 0x000001d087530000]
CodeHeap 'non-nmethods': size=5760Kb used=1689Kb max_used=1737Kb free=4070Kb
 bounds [0x000001d087530000, 0x000001d0877a0000, 0x000001d087ad0000]
 total_blobs=10542 nmethods=9780 adapters=674
 compilation: enabled
              stopped_count=0, restarted_count=0
 full_count=0

Compilation events (20 events):
Event: 34.750 Thread 0x000001d0fea954a0 nmethod 10653 0x000001d08120f610 code [0x000001d08120f840, 0x000001d081210068]
Event: 34.750 Thread 0x000001d0fea954a0 10652       2       java.util.concurrent.ConcurrentLinkedQueue::clear (11 bytes)
Event: 34.750 Thread 0x000001d0fea954a0 nmethod 10652 0x000001d081210490 code [0x000001d081210640, 0x000001d081210768]
Event: 34.779 Thread 0x000001d0fea954a0 10654       2       java.util.concurrent.ConcurrentLinkedQueue$Itr::next (96 bytes)
Event: 34.779 Thread 0x000001d0fea954a0 nmethod 10654 0x000001d081210810 code [0x000001d0812109e0, 0x000001d081210e38]
Event: 34.779 Thread 0x000001d0fea954a0 10655       2       java.util.concurrent.ConcurrentLinkedQueue::succ (17 bytes)
Event: 34.780 Thread 0x000001d0fea954a0 nmethod 10655 0x000001d081211090 code [0x000001d081211220, 0x000001d081211338]
Event: 34.781 Thread 0x000001d0fea954a0 10656       2       java.util.concurrent.ConcurrentLinkedQueue$$Lambda$1649/0x000001d09074c6f8::test (5 bytes)
Event: 34.781 Thread 0x000001d0fea954a0 nmethod 10656 0x000001d081211410 code [0x000001d0812115a0, 0x000001d0812116b8]
Event: 34.804 Thread 0x000001d0fea954a0 10658       2       java.util.concurrent.ConcurrentLinkedQueue$Itr::<init> (75 bytes)
Event: 34.806 Thread 0x000001d0fea954a0 nmethod 10658 0x000001d081211790 code [0x000001d081211a40, 0x000001d0812125c8]
Event: 34.806 Thread 0x000001d0fea954a0 10660  s!   2       org.gradle.internal.concurrent.CompositeStoppable::stop (132 bytes)
Event: 34.807 Thread 0x000001d0fea954a0 nmethod 10660 0x000001d081212b10 code [0x000001d081212d60, 0x000001d081213488]
Event: 34.807 Thread 0x000001d0fea954a0 10657       2       java.util.concurrent.ConcurrentLinkedQueue::iterator (9 bytes)
Event: 34.808 Thread 0x000001d0fea954a0 nmethod 10657 0x000001d081213890 code [0x000001d081213a40, 0x000001d081213bc8]
Event: 34.808 Thread 0x000001d0fea954a0 10659       2       org.gradle.internal.concurrent.CompositeStoppable$1::stop (1 bytes)
Event: 34.808 Thread 0x000001d0fea954a0 nmethod 10659 0x000001d081213c90 code [0x000001d081213e20, 0x000001d081213f18]
Event: 34.819 Thread 0x000001d0fea954a0 10661       2       org.gradle.cache.internal.DefaultCrossBuildInMemoryCacheFactory$AbstractCrossBuildInMemoryCache$$Lambda$1847/0x000001d0909b8000::apply (13 bytes)
Event: 34.820 Thread 0x000001d0fea954a0 nmethod 10661 0x000001d081213f90 code [0x000001d081214140, 0x000001d081214328]
Event: 34.820 Thread 0x000001d0fea954a0 10663       2       org.gradle.internal.instantiation.generator.ManagedObjectFactory::displayNameFor (73 bytes)

GC Heap History (18 events):
Event: 0.712 GC heap before
{Heap before GC invocations=0 (full 0):
 garbage-first heap   total 262144K, used 13312K [0x00000000e0000000, 0x0000000100000000)
  region size 1024K, 13 young (13312K), 0 survivors (0K)
 Metaspace       used 781K, committed 896K, reserved 393216K
  class space    used 61K, committed 128K, reserved 327680K
}
Event: 0.715 GC heap after
{Heap after GC invocations=1 (full 0):
 garbage-first heap   total 262144K, used 1296K [0x00000000e0000000, 0x0000000100000000)
  region size 1024K, 2 young (2048K), 2 survivors (2048K)
 Metaspace       used 781K, committed 896K, reserved 393216K
  class space    used 61K, committed 128K, reserved 327680K
}
Event: 1.392 GC heap before
{Heap before GC invocations=1 (full 0):
 garbage-first heap   total 262144K, used 23824K [0x00000000e0000000, 0x0000000100000000)
  region size 1024K, 21 young (21504K), 2 survivors (2048K)
 Metaspace       used 1834K, committed 1984K, reserved 393216K
  class space    used 170K, committed 256K, reserved 327680K
}
Event: 1.396 GC heap after
{Heap after GC invocations=2 (full 0):
 garbage-first heap   total 262144K, used 10528K [0x00000000e0000000, 0x0000000100000000)
  region size 1024K, 3 young (3072K), 3 survivors (3072K)
 Metaspace       used 1834K, committed 1984K, reserved 393216K
  class space    used 170K, committed 256K, reserved 327680K
}
Event: 7.106 GC heap before
{Heap before GC invocations=2 (full 0):
 garbage-first heap   total 262144K, used 167200K [0x00000000e0000000, 0x0000000100000000)
  region size 1024K, 153 young (156672K), 3 survivors (3072K)
 Metaspace       used 18597K, committed 18944K, reserved 393216K
  class space    used 2481K, committed 2624K, reserved 327680K
}
Event: 7.127 GC heap after
{Heap after GC invocations=3 (full 0):
 garbage-first heap   total 262144K, used 22224K [0x00000000e0000000, 0x0000000100000000)
  region size 1024K, 14 young (14336K), 14 survivors (14336K)
 Metaspace       used 18597K, committed 18944K, reserved 393216K
  class space    used 2481K, committed 2624K, reserved 327680K
}
Event: 8.023 GC heap before
{Heap before GC invocations=3 (full 0):
 garbage-first heap   total 262144K, used 44752K [0x00000000e0000000, 0x0000000100000000)
  region size 1024K, 37 young (37888K), 14 survivors (14336K)
 Metaspace       used 21233K, committed 21504K, reserved 393216K
  class space    used 2918K, committed 3072K, reserved 327680K
}
Event: 8.040 GC heap after
{Heap after GC invocations=4 (full 0):
 garbage-first heap   total 262144K, used 23600K [0x00000000e0000000, 0x0000000100000000)
  region size 1024K, 2 young (2048K), 2 survivors (2048K)
 Metaspace       used 21233K, committed 21504K, reserved 393216K
  class space    used 2918K, committed 3072K, reserved 327680K
}
Event: 14.798 GC heap before
{Heap before GC invocations=5 (full 0):
 garbage-first heap   total 262144K, used 140336K [0x00000000e0000000, 0x0000000100000000)
  region size 1024K, 118 young (120832K), 2 survivors (2048K)
 Metaspace       used 35645K, committed 36096K, reserved 393216K
  class space    used 4963K, committed 5184K, reserved 327680K
}
Event: 14.812 GC heap after
{Heap after GC invocations=6 (full 0):
 garbage-first heap   total 262144K, used 30996K [0x00000000e0000000, 0x0000000100000000)
  region size 1024K, 9 young (9216K), 9 survivors (9216K)
 Metaspace       used 35645K, committed 36096K, reserved 393216K
  class space    used 4963K, committed 5184K, reserved 327680K
}
Event: 18.850 GC heap before
{Heap before GC invocations=7 (full 0):
 garbage-first heap   total 262144K, used 178452K [0x00000000e0000000, 0x0000000100000000)
  region size 1024K, 153 young (156672K), 9 survivors (9216K)
 Metaspace       used 47021K, committed 47680K, reserved 393216K
  class space    used 6741K, committed 7040K, reserved 327680K
}
Event: 18.879 GC heap after
{Heap after GC invocations=8 (full 0):
 garbage-first heap   total 262144K, used 38203K [0x00000000e0000000, 0x0000000100000000)
  region size 1024K, 16 young (16384K), 16 survivors (16384K)
 Metaspace       used 47021K, committed 47680K, reserved 393216K
  class space    used 6741K, committed 7040K, reserved 327680K
}
Event: 29.349 GC heap before
{Heap before GC invocations=8 (full 0):
 garbage-first heap   total 262144K, used 177467K [0x00000000e0000000, 0x0000000100000000)
  region size 1024K, 153 young (156672K), 16 survivors (16384K)
 Metaspace       used 58506K, committed 59328K, reserved 393216K
  class space    used 8408K, committed 8768K, reserved 327680K
}
Event: 29.398 GC heap after
{Heap after GC invocations=9 (full 0):
 garbage-first heap   total 262144K, used 47046K [0x00000000e0000000, 0x0000000100000000)
  region size 1024K, 16 young (16384K), 16 survivors (16384K)
 Metaspace       used 58506K, committed 59328K, reserved 393216K
  class space    used 8408K, committed 8768K, reserved 327680K
}
Event: 29.561 GC heap before
{Heap before GC invocations=9 (full 0):
 garbage-first heap   total 262144K, used 56262K [0x00000000e0000000, 0x0000000100000000)
  region size 1024K, 26 young (26624K), 16 survivors (16384K)
 Metaspace       used 59553K, committed 60288K, reserved 393216K
  class space    used 8495K, committed 8832K, reserved 327680K
}
Event: 29.584 GC heap after
{Heap after GC invocations=10 (full 0):
 garbage-first heap   total 262144K, used 47516K [0x00000000e0000000, 0x0000000100000000)
  region size 1024K, 10 young (10240K), 10 survivors (10240K)
 Metaspace       used 59553K, committed 60288K, reserved 393216K
  class space    used 8495K, committed 8832K, reserved 327680K
}
Event: 33.279 GC heap before
{Heap before GC invocations=11 (full 0):
 garbage-first heap   total 262144K, used 193948K [0x00000000e0000000, 0x0000000100000000)
  region size 1024K, 153 young (156672K), 10 survivors (10240K)
 Metaspace       used 62295K, committed 63104K, reserved 393216K
  class space    used 8721K, committed 9088K, reserved 327680K
}
Event: 33.300 GC heap after
{Heap after GC invocations=12 (full 0):
 garbage-first heap   total 262144K, used 52120K [0x00000000e0000000, 0x0000000100000000)
  region size 1024K, 14 young (14336K), 14 survivors (14336K)
 Metaspace       used 62295K, committed 63104K, reserved 393216K
  class space    used 8721K, committed 9088K, reserved 327680K
}

Dll operation events (15 events):
Event: 0.070 Loaded shared library C:\Program Files\Eclipse Adoptium\jdk-17.0.17.10-hotspot\bin\java.dll
Event: 0.115 Loaded shared library C:\Program Files\Eclipse Adoptium\jdk-17.0.17.10-hotspot\bin\jsvml.dll
Event: 0.229 Loaded shared library C:\Program Files\Eclipse Adoptium\jdk-17.0.17.10-hotspot\bin\zip.dll
Event: 0.235 Loaded shared library C:\Program Files\Eclipse Adoptium\jdk-17.0.17.10-hotspot\bin\instrument.dll
Event: 0.250 Loaded shared library C:\Program Files\Eclipse Adoptium\jdk-17.0.17.10-hotspot\bin\net.dll
Event: 0.253 Loaded shared library C:\Program Files\Eclipse Adoptium\jdk-17.0.17.10-hotspot\bin\nio.dll
Event: 0.258 Loaded shared library C:\Program Files\Eclipse Adoptium\jdk-17.0.17.10-hotspot\bin\zip.dll
Event: 0.907 Loaded shared library C:\Program Files\Eclipse Adoptium\jdk-17.0.17.10-hotspot\bin\jimage.dll
Event: 1.403 Loaded shared library C:\Program Files\Eclipse Adoptium\jdk-17.0.17.10-hotspot\bin\verify.dll
Event: 1.509 Loaded shared library C:\Users\Admin\.gradle\native\660c5614fbf4a5f2a75b1949f50a0caf5cd603558e7d8a26e50b933a0cfb79d1\windows-amd64\native-platform.dll
Event: 1.540 Loaded shared library C:\Users\Admin\.gradle\native\0.2.8\x86_64-windows-gnu\gradle-fileevents.dll
Event: 3.988 Loaded shared library C:\Program Files\Eclipse Adoptium\jdk-17.0.17.10-hotspot\bin\management.dll
Event: 3.998 Loaded shared library C:\Program Files\Eclipse Adoptium\jdk-17.0.17.10-hotspot\bin\management_ext.dll
Event: 4.662 Loaded shared library C:\Program Files\Eclipse Adoptium\jdk-17.0.17.10-hotspot\bin\extnet.dll
Event: 5.224 Loaded shared library C:\Program Files\Eclipse Adoptium\jdk-17.0.17.10-hotspot\bin\sunmscapi.dll

Deoptimization events (20 events):
Event: 34.681 Thread 0x000001d0a92efc30 Uncommon trap: trap_request=0xffffffde fr.pc=0x000001d087b7ee00 relative=0x0000000000000160
Event: 34.681 Thread 0x000001d0a92efc30 Uncommon trap: reason=class_check action=maybe_recompile pc=0x000001d087b7ee00 method=java.util.concurrent.locks.ReentrantLock$Sync.lock()V @ 1 c2
Event: 34.681 Thread 0x000001d0a92efc30 DEOPT PACKING pc=0x000001d087b7ee00 sp=0x0000002223eff040
Event: 34.681 Thread 0x000001d0a92efc30 DEOPT UNPACKING pc=0x000001d08758a1a3 sp=0x0000002223efefa0 mode 2
Event: 34.685 Thread 0x000001d0a92efc30 Uncommon trap: trap_request=0xffffff45 fr.pc=0x000001d087b217c8 relative=0x0000000000000048
Event: 34.685 Thread 0x000001d0a92efc30 Uncommon trap: reason=unstable_if action=reinterpret pc=0x000001d087b217c8 method=java.lang.Thread.interrupted()Z @ 10 c2
Event: 34.685 Thread 0x000001d0a92efc30 DEOPT PACKING pc=0x000001d087b217c8 sp=0x0000002223eff200
Event: 34.685 Thread 0x000001d0a92efc30 DEOPT UNPACKING pc=0x000001d08758a1a3 sp=0x0000002223eff190 mode 2
Event: 34.702 Thread 0x000001d0a92f4820 Uncommon trap: trap_request=0xffffffde fr.pc=0x000001d087b7ee00 relative=0x0000000000000160
Event: 34.702 Thread 0x000001d0a92f4820 Uncommon trap: reason=class_check action=maybe_recompile pc=0x000001d087b7ee00 method=java.util.concurrent.locks.ReentrantLock$Sync.lock()V @ 1 c2
Event: 34.702 Thread 0x000001d0a92f4820 DEOPT PACKING pc=0x000001d087b7ee00 sp=0x00000022236ff3a0
Event: 34.702 Thread 0x000001d0a92f4820 DEOPT UNPACKING pc=0x000001d08758a1a3 sp=0x00000022236ff300 mode 2
Event: 34.736 Thread 0x000001d0aa7114d0 Uncommon trap: trap_request=0xffffffde fr.pc=0x000001d087b7ee00 relative=0x0000000000000160
Event: 34.736 Thread 0x000001d0aa7114d0 Uncommon trap: reason=class_check action=maybe_recompile pc=0x000001d087b7ee00 method=java.util.concurrent.locks.ReentrantLock$Sync.lock()V @ 1 c2
Event: 34.736 Thread 0x000001d0aa7114d0 DEOPT PACKING pc=0x000001d087b7ee00 sp=0x00000022273fefa0
Event: 34.736 Thread 0x000001d0aa7114d0 DEOPT UNPACKING pc=0x000001d08758a1a3 sp=0x00000022273fef00 mode 2
Event: 34.748 Thread 0x000001d0a92f1580 Uncommon trap: trap_request=0xffffffde fr.pc=0x000001d087b7ee00 relative=0x0000000000000160
Event: 34.748 Thread 0x000001d0a92f1580 Uncommon trap: reason=class_check action=maybe_recompile pc=0x000001d087b7ee00 method=java.util.concurrent.locks.ReentrantLock$Sync.lock()V @ 1 c2
Event: 34.748 Thread 0x000001d0a92f1580 DEOPT PACKING pc=0x000001d087b7ee00 sp=0x0000002223ffef20
Event: 34.748 Thread 0x000001d0a92f1580 DEOPT UNPACKING pc=0x000001d08758a1a3 sp=0x0000002223ffee80 mode 2

Classes loaded (20 events):
Event: 32.238 Loading class java/util/stream/ReduceOps$2
Event: 32.238 Loading class java/util/stream/ReduceOps$2 done
Event: 32.238 Loading class java/util/stream/ReduceOps$2ReducingSink
Event: 32.239 Loading class java/util/stream/ReduceOps$2ReducingSink done
Event: 32.787 Loading class sun/nio/cs/ISO_8859_1$Decoder
Event: 32.788 Loading class sun/nio/cs/ISO_8859_1$Decoder done
Event: 33.550 Loading class java/util/concurrent/ConcurrentLinkedQueue$Itr
Event: 33.551 Loading class java/util/concurrent/ConcurrentLinkedQueue$Itr done
Event: 33.888 Loading class java/util/TreeMap$ValueSpliterator
Event: 33.888 Loading class java/util/TreeMap$ValueSpliterator done
Event: 34.151 Loading class java/io/FileWriter
Event: 34.151 Loading class java/io/FileWriter done
Event: 34.570 Loading class java/io/CharArrayWriter
Event: 34.571 Loading class java/io/CharArrayWriter done
Event: 34.580 Loading class java/net/UrlDeserializedState
Event: 34.580 Loading class java/net/UrlDeserializedState done
Event: 34.581 Loading class java/net/Proxy
Event: 34.582 Loading class java/net/Proxy done
Event: 34.594 Loading class java/util/HashMap$EntrySpliterator
Event: 34.597 Loading class java/util/HashMap$EntrySpliterator done

Classes unloaded (0 events):
No events

Classes redefined (0 events):
No events

Internal exceptions (20 events):
Event: 33.251 Thread 0x000001d0a92b2080 Exception <a 'java/lang/NoSuchMethodError'{0x00000000e6e8c210}: static Lorg/gradle/tooling/internal/provider/PhasedBuildActionResult;.<clinit>()V> (0x00000000e6e8c210) 
thrown [s\src\hotspot\share\prims\jni.cpp, line 1112]
Event: 33.252 Thread 0x000001d0a92b2080 Exception <a 'java/lang/NoSuchMethodError'{0x00000000e6e94100}: static Lorg/gradle/tooling/internal/provider/serialization/SerializedPayload;.<clinit>()V> (0x00000000e6e94100) 
thrown [s\src\hotspot\share\prims\jni.cpp, line 1112]
Event: 33.438 Thread 0x000001d0aa715190 Exception <a 'java/lang/NoSuchMethodError'{0x00000000efcef440}: 'java.lang.Object java.lang.invoke.DirectMethodHandle$Holder.newInvokeSpecial(java.lang.Object, java.lang.Object, int, java.lang.Object, java.lang.Object)'> (0x00000000efcef440) 
thrown [s\src\hotspot\share\interpreter\linkResolver.cpp, line 759]
Event: 33.438 Thread 0x000001d0aa715190 Exception <a 'java/lang/NoSuchMethodError'{0x00000000efcf3408}: 'java.lang.Object java.lang.invoke.Invokers$Holder.linkToTargetMethod(java.lang.Object, int, java.lang.Object, java.lang.Object, java.lang.Object)'> (0x00000000efcf3408) 
thrown [s\src\hotspot\share\interpreter\linkResolver.cpp, line 759]
Event: 33.536 Thread 0x000001d0a92b2080 Exception <a 'java/lang/NoSuchMethodError'{0x00000000eff91608}: static Lorg/gradle/internal/build/event/types/DefaultTaskStartedProgressEvent;.<clinit>()V> (0x00000000eff91608) 
thrown [s\src\hotspot\share\prims\jni.cpp, line 1112]
Event: 33.538 Thread 0x000001d0a92b2080 Exception <a 'java/lang/NoSuchMethodError'{0x00000000ef880c98}: static Lorg/gradle/internal/build/event/types/DefaultTaskDescriptor;.<clinit>()V> (0x00000000ef880c98) 
thrown [s\src\hotspot\share\prims\jni.cpp, line 1112]
Event: 33.546 Thread 0x000001d0a92b2080 Exception <a 'java/lang/NoSuchMethodError'{0x00000000ef8bc6b8}: static Lorg/gradle/internal/build/event/types/DefaultTaskFinishedProgressEvent;.<clinit>()V> (0x00000000ef8bc6b8) 
thrown [s\src\hotspot\share\prims\jni.cpp, line 1112]
Event: 33.548 Thread 0x000001d0a92b2080 Exception <a 'java/lang/NoSuchMethodError'{0x00000000ef8cddf8}: static Lorg/gradle/internal/build/event/types/DefaultTaskSuccessResult;.<clinit>()V> (0x00000000ef8cddf8) 
thrown [s\src\hotspot\share\prims\jni.cpp, line 1112]
Event: 33.549 Thread 0x000001d0a92b2080 Exception <a 'java/lang/NoSuchMethodError'{0x00000000ef8cf2d8}: static Lorg/gradle/internal/build/event/types/AbstractTaskResult;.<clinit>()V> (0x00000000ef8cf2d8) 
thrown [s\src\hotspot\share\prims\jni.cpp, line 1112]
Event: 33.563 Thread 0x000001d0a92b39d0 Exception <a 'java/lang/NoSuchMethodError'{0x00000000ef718d80}: 'java.lang.Object java.lang.invoke.DirectMethodHandle$Holder.invokeStatic(java.lang.Object, int, java.lang.Object)'> (0x00000000ef718d80) 
thrown [s\src\hotspot\share\interpreter\linkResolver.cpp, line 759]
Event: 33.764 Thread 0x000001d0a92b39d0 Exception <a 'java/lang/NoSuchMethodError'{0x00000000ef1ec378}: 'void java.lang.invoke.DirectMethodHandle$Holder.invokeStatic(java.lang.Object, int, java.lang.Object)'> (0x00000000ef1ec378) 
thrown [s\src\hotspot\share\interpreter\linkResolver.cpp, line 759]
Event: 33.889 Thread 0x000001d0a92b39d0 Exception <a 'java/lang/IncompatibleClassChangeError'{0x00000000eebf9bb0}: Found class java.lang.Object, but interface was expected> (0x00000000eebf9bb0) 
thrown [s\src\hotspot\share\interpreter\linkResolver.cpp, line 826]
Event: 34.578 Thread 0x000001d0a92b2080 Exception <a 'java/lang/NoSuchMethodError'{0x00000000ed28edf0}: static [Ljava/lang/Object;.<clinit>()V> (0x00000000ed28edf0) 
thrown [s\src\hotspot\share\prims\jni.cpp, line 1112]
Event: 34.579 Thread 0x000001d0a92b2080 Exception <a 'java/lang/NoSuchMethodError'{0x00000000ecc07378}: static Lorg/gradle/internal/classloader/ClassLoaderSpec;.<clinit>()V> (0x00000000ecc07378) 
thrown [s\src\hotspot\share\prims\jni.cpp, line 1112]
Event: 34.580 Thread 0x000001d0a92b2080 Exception <a 'java/lang/NoSuchMethodError'{0x00000000ecc93738}: static Lorg/gradle/internal/classloader/VisitableURLClassLoader$Spec;.<clinit>()V> (0x00000000ecc93738) 
thrown [s\src\hotspot\share\prims\jni.cpp, line 1112]
Event: 34.585 Thread 0x000001d0a92b2080 Exception <a 'java/lang/NoSuchMethodError'{0x00000000eccb1b50}: static [Ljava/net/URL;.<clinit>()V> (0x00000000eccb1b50) 
thrown [s\src\hotspot\share\prims\jni.cpp, line 1112]
Event: 34.586 Thread 0x000001d0a92b2080 Exception <a 'java/lang/NoSuchMethodError'{0x00000000eccb98f8}: static [B.<clinit>()V> (0x00000000eccb98f8) 
thrown [s\src\hotspot\share\prims\jni.cpp, line 1112]
Event: 34.591 Thread 0x000001d0a92b39d0 Exception <a 'java/lang/NoSuchMethodError'{0x00000000ecc48328}: 'void java.lang.invoke.DirectMethodHandle$Holder.invokeSpecial(java.lang.Object, java.lang.Object, int)'> (0x00000000ecc48328) 
thrown [s\src\hotspot\share\interpreter\linkResolver.cpp, line 759]
Event: 34.594 Thread 0x000001d0a92b39d0 Exception <a 'sun/nio/fs/WindowsException'{0x00000000ecc58930}> (0x00000000ecc58930) 
thrown [s\src\hotspot\share\prims\jni.cpp, line 516]
Event: 34.815 Thread 0x000001d0a92b2080 Exception <a 'java/lang/NoSuchMethodError'{0x00000000eccc3bf0}: static Lorg/gradle/internal/build/event/types/DefaultRootOperationDescriptor;.<clinit>()V> (0x00000000eccc3bf0) 
thrown [s\src\hotspot\share\prims\jni.cpp, line 1112]

VM Operations (20 events):
Event: 33.279 Executing VM operation: G1CollectForAllocation
Event: 33.300 Executing VM operation: G1CollectForAllocation done
Event: 33.414 Executing VM operation: HandshakeAllThreads
Event: 33.414 Executing VM operation: HandshakeAllThreads done
Event: 33.534 Executing VM operation: HandshakeAllThreads
Event: 33.534 Executing VM operation: HandshakeAllThreads done
Event: 33.544 Executing VM operation: HandshakeAllThreads
Event: 33.544 Executing VM operation: HandshakeAllThreads done
Event: 34.153 Executing VM operation: HandshakeAllThreads
Event: 34.153 Executing VM operation: HandshakeAllThreads done
Event: 34.426 Executing VM operation: ICBufferFull
Event: 34.427 Executing VM operation: ICBufferFull done
Event: 34.483 Executing VM operation: HandshakeAllThreads
Event: 34.483 Executing VM operation: HandshakeAllThreads done
Event: 34.485 Executing VM operation: HandshakeAllThreads
Event: 34.485 Executing VM operation: HandshakeAllThreads done
Event: 34.613 Executing VM operation: HandshakeAllThreads
Event: 34.614 Executing VM operation: HandshakeAllThreads done
Event: 34.638 Executing VM operation: HandshakeAllThreads
Event: 34.638 Executing VM operation: HandshakeAllThreads done

Memory protections (0 events):
No events

Nmethod flushes (20 events):
Event: 20.113 Thread 0x000001d0fea9a1f0 flushing  nmethod 0x000001d08089b690
Event: 20.113 Thread 0x000001d0fea9a1f0 flushing  nmethod 0x000001d08089cf90
Event: 20.113 Thread 0x000001d0fea9a1f0 flushing  nmethod 0x000001d08089e290
Event: 20.113 Thread 0x000001d0fea9a1f0 flushing  nmethod 0x000001d08089e810
Event: 20.113 Thread 0x000001d0fea9a1f0 flushing  nmethod 0x000001d0808ab590
Event: 20.113 Thread 0x000001d0fea9a1f0 flushing  nmethod 0x000001d0808ac090
Event: 20.113 Thread 0x000001d0fea9a1f0 flushing  nmethod 0x000001d0808b3510
Event: 20.113 Thread 0x000001d0fea9a1f0 flushing  nmethod 0x000001d0808b3910
Event: 20.113 Thread 0x000001d0fea9a1f0 flushing  nmethod 0x000001d0808b4010
Event: 20.114 Thread 0x000001d0fea9a1f0 flushing  nmethod 0x000001d08092e510
Event: 20.114 Thread 0x000001d0fea9a1f0 flushing  nmethod 0x000001d080942010
Event: 20.114 Thread 0x000001d0fea9a1f0 flushing  nmethod 0x000001d080942a10
Event: 20.114 Thread 0x000001d0fea9a1f0 flushing  nmethod 0x000001d080953090
Event: 20.114 Thread 0x000001d0fea9a1f0 flushing  nmethod 0x000001d08096e590
Event: 20.114 Thread 0x000001d0fea9a1f0 flushing  nmethod 0x000001d080974e10
Event: 20.114 Thread 0x000001d0fea9a1f0 flushing  nmethod 0x000001d0809a9b90
Event: 20.115 Thread 0x000001d0fea9a1f0 flushing  nmethod 0x000001d080a2e410
Event: 20.115 Thread 0x000001d0fea9a1f0 flushing  nmethod 0x000001d080a36290
Event: 31.228 Thread 0x000001d0fea9a1f0 flushing  nmethod 0x000001d08054f410
Event: 31.230 Thread 0x000001d0fea9a1f0 flushing  nmethod 0x000001d080819d90

Events (20 events):
Event: 30.153 Thread 0x000001d0a92b39d0 Thread added: 0x000001d0aa714c80
Event: 30.167 Thread 0x000001d0a92b39d0 Thread added: 0x000001d0aa718430
Event: 30.182 Thread 0x000001d0a92b39d0 Thread added: 0x000001d0aa716ae0
Event: 30.198 Thread 0x000001d0a92b39d0 Thread added: 0x000001d0aa710fc0
Event: 32.197 Thread 0x000001d0a92b39d0 Thread added: 0x000001d0aa717a10
Event: 32.198 Thread 0x000001d0aa717a10 Thread added: 0x000001d0aa714770
Event: 32.198 Thread 0x000001d0aa717a10 Thread added: 0x000001d0aa712910
Event: 33.425 Thread 0x000001d0a92b39d0 Thread added: 0x000001d0aa715190
Event: 33.443 Thread 0x000001d0aa715190 Thread added: 0x000001d0aa7119e0
Event: 33.443 Thread 0x000001d0aa715190 Thread added: 0x000001d0aa717500
Event: 33.443 Thread 0x000001d0aa715190 Thread added: 0x000001d0aa717f20
Event: 33.491 Thread 0x000001d0aa717500 Thread added: 0x000001d0aa7114d0
Event: 34.687 Thread 0x000001d0a92efc30 Thread exited: 0x000001d0a92efc30
Event: 34.720 Thread 0x000001d0a92f4820 Thread exited: 0x000001d0a92f4820
Event: 34.740 Thread 0x000001d0aa7114d0 Thread exited: 0x000001d0aa7114d0
Event: 34.764 Thread 0x000001d0a92f1580 Thread exited: 0x000001d0a92f1580
Event: 34.783 Thread 0x000001d0aa717500 Thread exited: 0x000001d0aa717500
Event: 34.784 Thread 0x000001d0aa717f20 Thread exited: 0x000001d0aa717f20
Event: 34.784 Thread 0x000001d0aa7119e0 Thread exited: 0x000001d0aa7119e0
Event: 34.814 Thread 0x000001d0a92b39d0 Thread added: 0x000001d0aa717500


Dynamic libraries:
0x00007ff605390000 - 0x00007ff60539e000 	C:\Program Files\Eclipse Adoptium\jdk-17.0.17.10-hotspot\bin\java.exe
0x00007fffd0f70000 - 0x00007fffd1168000 	C:\Windows\SYSTEM32\ntdll.dll
0x00007fffcf2e0000 - 0x00007fffcf3a2000 	C:\Windows\System32\KERNEL32.DLL
0x00007fffcec90000 - 0x00007fffcef8e000 	C:\Windows\System32\KERNELBASE.dll
0x00007fffceb40000 - 0x00007fffcec40000 	C:\Windows\System32\ucrtbase.dll
0x00007fffa1770000 - 0x00007fffa1788000 	C:\Program Files\Eclipse Adoptium\jdk-17.0.17.10-hotspot\bin\jli.dll
0x00007fffcf720000 - 0x00007fffcf8bd000 	C:\Windows\System32\USER32.dll
0x00007fffce680000 - 0x00007fffce6a2000 	C:\Windows\System32\win32u.dll
0x00007fffd02b0000 - 0x00007fffd02db000 	C:\Windows\System32\GDI32.dll
0x00007fffcea20000 - 0x00007fffceb37000 	C:\Windows\System32\gdi32full.dll
0x00007fffce980000 - 0x00007fffcea1d000 	C:\Windows\System32\msvcp_win.dll
0x00007fffa28c0000 - 0x00007fffa28de000 	C:\Program Files\Eclipse Adoptium\jdk-17.0.17.10-hotspot\bin\VCRUNTIME140.dll
0x00007fffbcfe0000 - 0x00007fffbd27a000 	C:\Windows\WinSxS\amd64_microsoft.windows.common-controls_6595b64144ccf1df_6.0.19041.4355_none_60b8b9eb71f62e16\COMCTL32.dll
0x00007fffd0e90000 - 0x00007fffd0f2e000 	C:\Windows\System32\msvcrt.dll
0x00007fffcff60000 - 0x00007fffcff8f000 	C:\Windows\System32\IMM32.DLL
0x00007fffc6f60000 - 0x00007fffc6f6c000 	C:\Program Files\Eclipse Adoptium\jdk-17.0.17.10-hotspot\bin\vcruntime140_1.dll
0x00007fffa16e0000 - 0x00007fffa176d000 	C:\Program Files\Eclipse Adoptium\jdk-17.0.17.10-hotspot\bin\msvcp140.dll
0x00007fff36ee0000 - 0x00007fff37b4b000 	C:\Program Files\Eclipse Adoptium\jdk-17.0.17.10-hotspot\bin\server\jvm.dll
0x00007fffd0ac0000 - 0x00007fffd0b71000 	C:\Windows\System32\ADVAPI32.dll
0x00007fffd0000000 - 0x00007fffd009f000 	C:\Windows\System32\sechost.dll
0x00007fffcf150000 - 0x00007fffcf273000 	C:\Windows\System32\RPCRT4.dll
0x00007fffce950000 - 0x00007fffce977000 	C:\Windows\System32\bcrypt.dll
0x00007fffcff90000 - 0x00007fffcfffb000 	C:\Windows\System32\WS2_32.dll
0x00007fffce470000 - 0x00007fffce4bb000 	C:\Windows\SYSTEM32\POWRPROF.dll
0x00007fffbafe0000 - 0x00007fffbb007000 	C:\Windows\SYSTEM32\WINMM.dll
0x00007fffc7e40000 - 0x00007fffc7e4a000 	C:\Windows\SYSTEM32\VERSION.dll
0x00007fffce450000 - 0x00007fffce462000 	C:\Windows\SYSTEM32\UMPDC.dll
0x00007fffccdf0000 - 0x00007fffcce02000 	C:\Windows\SYSTEM32\kernel.appcore.dll
0x00007fffbb450000 - 0x00007fffbb45a000 	C:\Program Files\Eclipse Adoptium\jdk-17.0.17.10-hotspot\bin\jimage.dll
0x00007fffcc200000 - 0x00007fffcc3e4000 	C:\Windows\SYSTEM32\DBGHELP.DLL
0x00007fffb79c0000 - 0x00007fffb79f4000 	C:\Windows\SYSTEM32\dbgcore.DLL
0x00007fffce6b0000 - 0x00007fffce732000 	C:\Windows\System32\bcryptPrimitives.dll
0x00007fffa16d0000 - 0x00007fffa16de000 	C:\Program Files\Eclipse Adoptium\jdk-17.0.17.10-hotspot\bin\instrument.dll
0x00007fffa16a0000 - 0x00007fffa16c5000 	C:\Program Files\Eclipse Adoptium\jdk-17.0.17.10-hotspot\bin\java.dll
0x00007fffa15c0000 - 0x00007fffa1697000 	C:\Program Files\Eclipse Adoptium\jdk-17.0.17.10-hotspot\bin\jsvml.dll
0x00007fffd02e0000 - 0x00007fffd0a4d000 	C:\Windows\System32\SHELL32.dll
0x00007fffcc630000 - 0x00007fffccdd4000 	C:\Windows\SYSTEM32\windows.storage.dll
0x00007fffcf3b0000 - 0x00007fffcf703000 	C:\Windows\System32\combase.dll
0x00007fffcde90000 - 0x00007fffcdebe000 	C:\Windows\SYSTEM32\Wldp.dll
0x00007fffcfd90000 - 0x00007fffcfe5d000 	C:\Windows\System32\OLEAUT32.dll
0x00007fffd0de0000 - 0x00007fffd0e8d000 	C:\Windows\System32\SHCORE.dll
0x00007fffd0a50000 - 0x00007fffd0aa5000 	C:\Windows\System32\shlwapi.dll
0x00007fffce540000 - 0x00007fffce564000 	C:\Windows\SYSTEM32\profapi.dll
0x00007fffa15a0000 - 0x00007fffa15b8000 	C:\Program Files\Eclipse Adoptium\jdk-17.0.17.10-hotspot\bin\zip.dll
0x00007fffa1580000 - 0x00007fffa159a000 	C:\Program Files\Eclipse Adoptium\jdk-17.0.17.10-hotspot\bin\net.dll
0x00007fffc3c60000 - 0x00007fffc3d6d000 	C:\Windows\SYSTEM32\WINHTTP.dll
0x00007fffcdc70000 - 0x00007fffcdcda000 	C:\Windows\system32\mswsock.dll
0x00007fffa1560000 - 0x00007fffa1576000 	C:\Program Files\Eclipse Adoptium\jdk-17.0.17.10-hotspot\bin\nio.dll
0x00007fffa1550000 - 0x00007fffa1560000 	C:\Program Files\Eclipse Adoptium\jdk-17.0.17.10-hotspot\bin\verify.dll
0x00007fffa1790000 - 0x00007fffa17b7000 	C:\Users\Admin\.gradle\native\660c5614fbf4a5f2a75b1949f50a0caf5cd603558e7d8a26e50b933a0cfb79d1\windows-amd64\native-platform.dll
0x00007fffa1470000 - 0x00007fffa14e7000 	C:\Users\Admin\.gradle\native\0.2.8\x86_64-windows-gnu\gradle-fileevents.dll
0x00007fffa1540000 - 0x00007fffa154a000 	C:\Program Files\Eclipse Adoptium\jdk-17.0.17.10-hotspot\bin\management.dll
0x00007fffa1530000 - 0x00007fffa153c000 	C:\Program Files\Eclipse Adoptium\jdk-17.0.17.10-hotspot\bin\management_ext.dll
0x00007fffd0ab0000 - 0x00007fffd0ab8000 	C:\Windows\System32\PSAPI.DLL
0x00007fffcd970000 - 0x00007fffcd9ab000 	C:\Windows\SYSTEM32\IPHLPAPI.DLL
0x00007fffcf710000 - 0x00007fffcf718000 	C:\Windows\System32\NSI.dll
0x00007fffc81d0000 - 0x00007fffc81e7000 	C:\Windows\SYSTEM32\dhcpcsvc6.DLL
0x00007fffc7f70000 - 0x00007fffc7f8d000 	C:\Windows\SYSTEM32\dhcpcsvc.DLL
0x00007fffcd9b0000 - 0x00007fffcda7a000 	C:\Windows\SYSTEM32\DNSAPI.dll
0x00007fffa1520000 - 0x00007fffa1529000 	C:\Program Files\Eclipse Adoptium\jdk-17.0.17.10-hotspot\bin\extnet.dll
0x00007fffcded0000 - 0x00007fffcdee8000 	C:\Windows\SYSTEM32\CRYPTSP.dll
0x00007fffcd5b0000 - 0x00007fffcd5e4000 	C:\Windows\system32\rsaenh.dll
0x00007fffce500000 - 0x00007fffce52e000 	C:\Windows\SYSTEM32\USERENV.dll
0x00007fffcde00000 - 0x00007fffcde0c000 	C:\Windows\SYSTEM32\CRYPTBASE.dll
0x00007fffa1460000 - 0x00007fffa146e000 	C:\Program Files\Eclipse Adoptium\jdk-17.0.17.10-hotspot\bin\sunmscapi.dll
0x00007fffce740000 - 0x00007fffce89c000 	C:\Windows\System32\CRYPT32.dll
0x00007fffcdfe0000 - 0x00007fffce007000 	C:\Windows\SYSTEM32\ncrypt.dll
0x00007fffcdfa0000 - 0x00007fffcdfdb000 	C:\Windows\SYSTEM32\NTASN1.dll
0x00007fff64390000 - 0x00007fff64397000 	C:\Windows\system32\wshunix.dll

dbghelp: loaded successfully - version: 4.0.5 - missing functions: none
symbol engine: initialized successfully - sym options: 0x614 - pdb path: .;C:\Program Files\Eclipse Adoptium\jdk-17.0.17.10-hotspot\bin;C:\Windows\SYSTEM32;C:\Windows\WinSxS\amd64_microsoft.windows.common-controls_6595b64144ccf1df_6.0.19041.4355_none_60b8b9eb71f62e16;C:\Program Files\Eclipse Adoptium\jdk-17.0.17.10-hotspot\bin\server;C:\Users\Admin\.gradle\native\660c5614fbf4a5f2a75b1949f50a0caf5cd603558e7d8a26e50b933a0cfb79d1\windows-amd64;C:\Users\Admin\.gradle\native\0.2.8\x86_64-windows-gnu

VM Arguments:
jvm_args: --add-opens=java.base/java.lang=ALL-UNNAMED --add-opens=java.base/java.lang.invoke=ALL-UNNAMED --add-opens=java.base/java.util=ALL-UNNAMED --add-opens=java.prefs/java.util.prefs=ALL-UNNAMED --add-exports=jdk.compiler/com.sun.tools.javac.api=ALL-UNNAMED --add-exports=jdk.compiler/com.sun.tools.javac.util=ALL-UNNAMED --add-opens=java.base/java.util=ALL-UNNAMED --add-opens=java.prefs/java.util.prefs=ALL-UNNAMED --add-opens=java.base/java.nio.charset=ALL-UNNAMED --add-opens=java.base/java.net=ALL-UNNAMED --add-opens=java.base/java.util.concurrent=ALL-UNNAMED --add-opens=java.base/java.util.concurrent.atomic=ALL-UNNAMED --add-opens=java.xml/javax.xml.namespace=ALL-UNNAMED --add-opens=java.base/java.time=ALL-UNNAMED -XX:MaxMetaspaceSize=384m -XX:+HeapDumpOnOutOfMemoryError -Xms256m -Xmx512m -Dfile.encoding=UTF-8 -Duser.country=EC -Duser.language=es -Duser.variant -javaagent:C:\Users\Admin\.gradle\wrapper\dists\gradle-9.2.1-bin\2t0n5ozlw9xmuyvbp7dnzaxug\gradle-9.2.1\lib\agents\gradle-instrumentation-agent-9.2.1.jar 
java_command: org.gradle.launcher.daemon.bootstrap.GradleDaemon 9.2.1
java_class_path (initial): C:\Users\Admin\.gradle\wrapper\dists\gradle-9.2.1-bin\2t0n5ozlw9xmuyvbp7dnzaxug\gradle-9.2.1\lib\gradle-daemon-main-9.2.1.jar
Launcher Type: SUN_STANDARD

[Global flags]
     intx CICompilerCount                          = 3                                         {product} {ergonomic}
   size_t CompressedClassSpaceSize                 = 335544320                                 {product} {ergonomic}
     uint ConcGCThreads                            = 1                                         {product} {ergonomic}
     uint G1ConcRefinementThreads                  = 4                                         {product} {ergonomic}
   size_t G1HeapRegionSize                         = 1048576                                   {product} {ergonomic}
    uintx GCDrainStackTargetSize                   = 64                                        {product} {ergonomic}
     bool HeapDumpOnOutOfMemoryError               = true                                   {manageable} {command line}
   size_t InitialHeapSize                          = 268435456                                 {product} {command line}
   size_t MarkStackSize                            = 4194304                                   {product} {ergonomic}
   size_t MaxHeapSize                              = 536870912                                 {product} {command line}
   size_t MaxMetaspaceSize                         = 402653184                                 {product} {command line}
   size_t MaxNewSize                               = 321912832                                 {product} {ergonomic}
   size_t MinHeapDeltaBytes                        = 1048576                                   {product} {ergonomic}
   size_t MinHeapSize                              = 268435456                                 {product} {command line}
    uintx NonNMethodCodeHeapSize                   = 5832780                                {pd product} {ergonomic}
    uintx NonProfiledCodeHeapSize                  = 122912730                              {pd product} {ergonomic}
    uintx ProfiledCodeHeapSize                     = 122912730                              {pd product} {ergonomic}
    uintx ReservedCodeCacheSize                    = 251658240                              {pd product} {ergonomic}
     bool SegmentedCodeCache                       = true                                      {product} {ergonomic}
   size_t SoftMaxHeapSize                          = 536870912                              {manageable} {ergonomic}
     bool UseCompressedClassPointers               = true                           {product lp64_product} {ergonomic}
     bool UseCompressedOops                        = true                           {product lp64_product} {ergonomic}
     bool UseG1GC                                  = true                                      {product} {ergonomic}
     bool UseLargePagesIndividualAllocation        = false                                  {pd product} {ergonomic}

Logging:
Log output configuration:
 #0: stdout all=warning uptime,level,tags
 #1: stderr all=off uptime,level,tags

Environment Variables:
JAVA_HOME=C:\Program Files\Eclipse Adoptium\jdk-17.0.17.10-hotspot
PATH=C:\Program Files\Eclipse Adoptium\jdk-17.0.17.10-hotspot\bin;C:\Program Files\Oracle Client for Microsoft Tools\;C:\app\Admin\product\21c\dbhomeXE\bin;C:\Python312\Scripts\;C:\Python312\;C:\Windows\system32;C:\Windows;C:\Windows\System32\Wbem;C:\Windows\System32\WindowsPowerShell\v1.0\;C:\Windows\System32\OpenSSH\;C:\ProgramData\chocolatey\bin;C:\Program Files\Java\jdk-22\bin;C:\Program Files\PuTTY\;C:\Program Files\Git\cmd;C:\Program Files\MATLAB\R2025b\bin;C:\Program Files\nodejs\;C:\Program Files\PowerShell\7\;;C:\Program Files\Docker\Docker\resources\bin;C:\Users\Admin\AppData\Local\pnpm;C:\Users\Admin\AppData\Local\Microsoft\WindowsApps;C:\Program Files\Java\jdk-22\bin;C:\Users\Admin\AppData\Local\Programs\Microsoft VS Code\bin;C:\Users\Admin\AppData\Roaming\npm;C:\Users\Admin\.lmstudio\bin
USERNAME=Admin
OS=Windows_NT
PROCESSOR_IDENTIFIER=Intel64 Family 6 Model 126 Stepping 5, GenuineIntel
TMP=C:\Users\Admin\AppData\Local\Temp
TEMP=C:\Users\Admin\AppData\Local\Temp



Periodic native trim disabled


---------------  S Y S T E M  ---------------

OS:
 Windows 10 , 64 bit Build 19041 (10.0.19041.5072)
OS uptime: 0 days 0:21 hours
Hyper-V role detected

CPU: total 4 (initial active 4) (2 cores per cpu, 2 threads per core) family 6 model 126 stepping 5 microcode 0x78, cx8, cmov, fxsr, ht, mmx, 3dnowpref, sse, sse2, sse3, ssse3, sse4.1, sse4.2, popcnt, lzcnt, tsc, tscinvbit, avx, avx2, aes, erms, clmul, bmi1, bmi2, adx, avx512f, avx512dq, avx512cd, avx512bw, avx512vl, sha, fma, vzeroupper, avx512_vpopcntdq, avx512_vpclmulqdq, avx512_vaes, avx512_vnni, clflush, clflushopt, avx512_vbmi2, avx512_vbmi, hv
Processor Information for all 4 processors :
  Max Mhz: 1190, Current Mhz: 1190, Mhz Limit: 1190

Memory: 4k page, system-wide physical 7934M (268M free)
TotalPageFile size 16126M (AvailPageFile size 2M)
current process WorkingSet (physical memory assigned to process): 411M, peak: 415M
current process commit charge ("private bytes"): 496M, peak: 501M

vm_info: OpenJDK 64-Bit Server VM (17.0.17+10) for windows-amd64 JRE (17.0.17+10), built on Oct 21 2025 23:25:32 by "admin" with unknown MS VC++:1942

END.
