#
# There is insufficient memory for the Java Runtime Environment to continue.
# Native memory allocation (malloc) failed to allocate 1185456 bytes. Error detail: Chunk::new
# Possible reasons:
#   The system is out of physical RAM or swap space
#   This process is running with CompressedOops enabled, and the Java Heap may be blocking the growth of the native heap
# Possible solutions:
#   Reduce memory load on the system
#   Increase physical memory or swap space
#   Check if swap backing store is full
#   Decrease Java heap size (-Xmx/-Xms)
#   Decrease number of Java threads
#   Decrease Java thread stack sizes (-Xss)
#   Set larger code cache with -XX:ReservedCodeCacheSize=
#   JVM is running with Unscaled Compressed Oops mode in which the Java heap is
#     placed in the first 4GB address space. The Java Heap base address is the
#     maximum limit for the native heap growth. Please use -XX:HeapBaseMinAddress
#     to set the Java Heap base and to place the Java Heap above 4GB virtual address.
# This output file may be truncated or incomplete.
#
#  Out of Memory Error (arena.cpp:168), pid=4728, tid=5828
#
# JRE version: OpenJDK Runtime Environment Temurin-21.0.9+10 (21.0.9+10) (build 21.0.9+10-LTS)
# Java VM: OpenJDK 64-Bit Server VM Temurin-21.0.9+10 (21.0.9+10-LTS, mixed mode, sharing, tiered, compressed oops, compressed class ptrs, parallel gc, windows-amd64)
# No core dump will be written. Minidumps are not enabled by default on client versions of Windows
#

---------------  S U M M A R Y ------------

Command Line: --add-modules=ALL-SYSTEM --add-opens=java.base/java.util=ALL-UNNAMED --add-opens=java.base/java.lang=ALL-UNNAMED --add-opens=java.base/sun.nio.fs=ALL-UNNAMED -Declipse.application=org.eclipse.jdt.ls.core.id1 -Dosgi.bundles.defaultStartLevel=4 -Declipse.product=org.eclipse.jdt.ls.core.product -Djava.import.generatesMetadataFilesAtProjectRoot=false -DDetectVMInstallationsJob.disabled=true -Dfile.encoding=utf8 -XX:+UseParallelGC -XX:GCTimeRatio=4 -XX:AdaptiveSizePolicyWeight=90 -Dsun.zip.disableMemoryMapping=true -Xmx2G -Xms100m -Xlog:disable -javaagent:c:\Users\Admin\.vscode\extensions\redhat.java-1.51.0-win32-x64\lombok\lombok-1.18.39-4050.jar -XX:+HeapDumpOnOutOfMemoryError -XX:HeapDumpPath=c:\Users\Admin\AppData\Roaming\Code\User\workspaceStorage\bef687a2474ad10d076fff78ad20c5aa\redhat.java -Daether.dependencyCollector.impl=bf c:\Users\Admin\.vscode\extensions\redhat.java-1.51.0-win32-x64\server\plugins\org.eclipse.equinox.launcher_1.7.100.v20251111-0406.jar -configuration c:\Users\Admin\AppData\Roaming\Code\User\globalStorage\redhat.java\1.51.0\config_win -data c:\Users\Admin\AppData\Roaming\Code\User\workspaceStorage\bef687a2474ad10d076fff78ad20c5aa\redhat.java\jdt_ws --pipe=\\.\pipe\lsp-f7e784b0ff2c8e2ef9c932258e10f8bd-sock

Host: Intel(R) Core(TM) i3-1005G1 CPU @ 1.20GHz, 4 cores, 7G,  Windows 10 , 64 bit Build 19041 (10.0.19041.5072)
Time: Thu Jan 15 21:56:07 2026 Hora est. Pacífico, Sudamérica elapsed time: 3285.604523 seconds (0d 0h 54m 45s)

---------------  T H R E A D  ---------------

Current thread (0x000001d6e0203290):  JavaThread "C2 CompilerThread0" daemon [_thread_in_native, id=5828, stack(0x0000008ccbd00000,0x0000008ccbe00000) (1024K)]


Current CompileTask:
C2:3285604 18240   !   4       org.eclipse.jdt.internal.core.NameLookup::<init> (805 bytes)

Stack: [0x0000008ccbd00000,0x0000008ccbe00000]
Native frames: (J=compiled Java code, j=interpreted, Vv=VM code, C=native code)
V  [jvm.dll+0x6d6e29]
V  [jvm.dll+0x8b4b76]
V  [jvm.dll+0x8b712e]
V  [jvm.dll+0x8b7813]
V  [jvm.dll+0x283d86]
V  [jvm.dll+0xc66ed]
V  [jvm.dll+0xc6c31]
V  [jvm.dll+0x3be501]
V  [jvm.dll+0x38ab92]
V  [jvm.dll+0x389fda]
V  [jvm.dll+0x24bfa0]
V  [jvm.dll+0x24b580]
V  [jvm.dll+0x1cb13e]
V  [jvm.dll+0x25b29d]
V  [jvm.dll+0x25982a]
V  [jvm.dll+0x3f7ea6]
V  [jvm.dll+0x85e9ad]
V  [jvm.dll+0x6d565d]
C  [ucrtbase.dll+0x21bb2]
C  [KERNEL32.DLL+0x17374]
C  [ntdll.dll+0x4cc91]


---------------  P R O C E S S  ---------------

Threads class SMR info:
_java_thread_list=0x000001d6e75182e0, length=38, elements={
0x000001d6c75e50a0, 0x000001d6e01f8510, 0x000001d6e01f9e10, 0x000001d6e01fad20,
0x000001d6e01fbc30, 0x000001d6e01fd9f0, 0x000001d6e0200450, 0x000001d6e0203290,
0x000001d6e027d260, 0x000001d6e5158440, 0x000001d6e5257c90, 0x000001d6e59ae8a0,
0x000001d6e5aa1440, 0x000001d6e579a570, 0x000001d6e575e370, 0x000001d6e5dee760,
0x000001d6e5dec690, 0x000001d6e5deb2e0, 0x000001d6e5dee0d0, 0x000001d6e5deda40,
0x000001d6e73d7e70, 0x000001d6e73d3640, 0x000001d6e73d5710, 0x000001d6e73d6430,
0x000001d6e73d6ac0, 0x000001d6e73d77e0, 0x000001d6e73d5080, 0x000001d6e73d2290,
0x000001d6e73d7150, 0x000001d6e5deb970, 0x000001d6f1e77ce0, 0x000001d6f1e7a440,
0x000001d6f1e734b0, 0x000001d6f1e75580, 0x000001d6e73d1c00, 0x000001d6e73d5da0,
0x000001d6e73d9220, 0x000001d6e73d3cd0
}

Java Threads: ( => current thread )
  0x000001d6c75e50a0 JavaThread "main"                              [_thread_blocked, id=8128, stack(0x0000008ccb300000,0x0000008ccb400000) (1024K)]
  0x000001d6e01f8510 JavaThread "Reference Handler"          daemon [_thread_blocked, id=6676, stack(0x0000008ccb700000,0x0000008ccb800000) (1024K)]
  0x000001d6e01f9e10 JavaThread "Finalizer"                  daemon [_thread_blocked, id=7392, stack(0x0000008ccb800000,0x0000008ccb900000) (1024K)]
  0x000001d6e01fad20 JavaThread "Signal Dispatcher"          daemon [_thread_blocked, id=7360, stack(0x0000008ccb900000,0x0000008ccba00000) (1024K)]
  0x000001d6e01fbc30 JavaThread "Attach Listener"            daemon [_thread_blocked, id=3888, stack(0x0000008ccba00000,0x0000008ccbb00000) (1024K)]
  0x000001d6e01fd9f0 JavaThread "Service Thread"             daemon [_thread_blocked, id=8532, stack(0x0000008ccbb00000,0x0000008ccbc00000) (1024K)]
  0x000001d6e0200450 JavaThread "Monitor Deflation Thread"   daemon [_thread_blocked, id=2248, stack(0x0000008ccbc00000,0x0000008ccbd00000) (1024K)]
=>0x000001d6e0203290 JavaThread "C2 CompilerThread0"         daemon [_thread_in_native, id=5828, stack(0x0000008ccbd00000,0x0000008ccbe00000) (1024K)]
  0x000001d6e027d260 JavaThread "C1 CompilerThread0"         daemon [_thread_blocked, id=8404, stack(0x0000008ccbe00000,0x0000008ccbf00000) (1024K)]
  0x000001d6e5158440 JavaThread "Common-Cleaner"             daemon [_thread_blocked, id=2100, stack(0x0000008ccbf00000,0x0000008ccc000000) (1024K)]
  0x000001d6e5257c90 JavaThread "Notification Thread"        daemon [_thread_blocked, id=11704, stack(0x0000008ccc000000,0x0000008ccc100000) (1024K)]
  0x000001d6e59ae8a0 JavaThread "Active Thread: Equinox Container: 888594bb-da14-48b4-b2da-f16a501217d5"        [_thread_blocked, id=4744, stack(0x0000008ccc100000,0x0000008ccc200000) (1024K)]
  0x000001d6e5aa1440 JavaThread "Refresh Thread: Equinox Container: 888594bb-da14-48b4-b2da-f16a501217d5" daemon [_thread_blocked, id=10372, stack(0x0000008ccc600000,0x0000008ccc700000) (1024K)]
  0x000001d6e579a570 JavaThread "Framework Event Dispatcher: Equinox Container: 888594bb-da14-48b4-b2da-f16a501217d5" daemon [_thread_blocked, id=11824, stack(0x0000008ccc700000,0x0000008ccc800000) (1024K)]
  0x000001d6e575e370 JavaThread "Start Level: Equinox Container: 888594bb-da14-48b4-b2da-f16a501217d5" daemon [_thread_blocked, id=11640, stack(0x0000008ccc500000,0x0000008ccc600000) (1024K)]
  0x000001d6e5dee760 JavaThread "Bundle File Closer"         daemon [_thread_blocked, id=10308, stack(0x0000008ccc900000,0x0000008ccca00000) (1024K)]
  0x000001d6e5dec690 JavaThread "SCR Component Actor"        daemon [_thread_blocked, id=10680, stack(0x0000008ccc800000,0x0000008ccc900000) (1024K)]
  0x000001d6e5deb2e0 JavaThread "Worker-JM"                         [_thread_blocked, id=9632, stack(0x0000008ccca00000,0x0000008cccb00000) (1024K)]
  0x000001d6e5dee0d0 JavaThread "JNA Cleaner"                daemon [_thread_blocked, id=6940, stack(0x0000008cccb00000,0x0000008cccc00000) (1024K)]
  0x000001d6e5deda40 JavaThread "Java indexing"              daemon [_thread_blocked, id=7572, stack(0x0000008cccf00000,0x0000008ccd000000) (1024K)]
  0x000001d6e73d7e70 JavaThread "Thread-1"                   daemon [_thread_in_native, id=8376, stack(0x0000008ccd600000,0x0000008ccd700000) (1024K)]
  0x000001d6e73d3640 JavaThread "Thread-2"                   daemon [_thread_in_native, id=4384, stack(0x0000008ccd700000,0x0000008ccd800000) (1024K)]
  0x000001d6e73d5710 JavaThread "Thread-3"                   daemon [_thread_in_native, id=9188, stack(0x0000008ccd800000,0x0000008ccd900000) (1024K)]
  0x000001d6e73d6430 JavaThread "Thread-4"                   daemon [_thread_in_native, id=11276, stack(0x0000008ccd900000,0x0000008ccda00000) (1024K)]
  0x000001d6e73d6ac0 JavaThread "Thread-5"                   daemon [_thread_in_native, id=1136, stack(0x0000008ccda00000,0x0000008ccdb00000) (1024K)]
  0x000001d6e73d77e0 JavaThread "pool-2-thread-1"                   [_thread_blocked, id=5668, stack(0x0000008ccdb00000,0x0000008ccdc00000) (1024K)]
  0x000001d6e73d5080 JavaThread "WorkspaceEventsHandler"            [_thread_blocked, id=7140, stack(0x0000008ccdc00000,0x0000008ccdd00000) (1024K)]
  0x000001d6e73d2290 JavaThread "pool-1-thread-1"                   [_thread_blocked, id=7660, stack(0x0000008ccdd00000,0x0000008ccde00000) (1024K)]
  0x000001d6e73d7150 JavaThread "Cleaner-0"                  daemon [_thread_blocked, id=6680, stack(0x0000008ccb100000,0x0000008ccb200000) (1024K)]
  0x000001d6e5deb970 JavaThread "Worker-6"                          [_thread_blocked, id=5268, stack(0x0000008ccd100000,0x0000008ccd200000) (1024K)]
  0x000001d6f1e77ce0 JavaThread "Worker-7"                          [_thread_blocked, id=5436, stack(0x0000008ccd500000,0x0000008ccd600000) (1024K)]
  0x000001d6f1e7a440 JavaThread "ForkJoinPool.commonPool-worker-13" daemon [_thread_blocked, id=13088, stack(0x0000008ccb200000,0x0000008ccb300000) (1024K)]
  0x000001d6f1e734b0 JavaThread "ForkJoinPool.commonPool-worker-16" daemon [_thread_blocked, id=14740, stack(0x0000008cccc00000,0x0000008cccd00000) (1024K)]
  0x000001d6f1e75580 JavaThread "ForkJoinPool.commonPool-worker-17" daemon [_thread_blocked, id=15292, stack(0x0000008cccd00000,0x0000008ccce00000) (1024K)]
  0x000001d6e73d1c00 JavaThread "Worker-8"                          [_thread_blocked, id=4492, stack(0x0000008ccce00000,0x0000008cccf00000) (1024K)]
  0x000001d6e73d5da0 JavaThread "Compiler Source File Reader" daemon [_thread_blocked, id=6824, stack(0x0000008ccd000000,0x0000008ccd100000) (1024K)]
  0x000001d6e73d9220 JavaThread "Compiler Processing Task"   daemon [_thread_blocked, id=3152, stack(0x0000008ccd200000,0x0000008ccd300000) (1024K)]
  0x000001d6e73d3cd0 JavaThread "Compiler Source File Reader" daemon [_thread_blocked, id=692, stack(0x0000008ccd300000,0x0000008ccd400000) (1024K)]
Total: 38

Other Threads:
  0x000001d6c98ce930 VMThread "VM Thread"                           [id=2356, stack(0x0000008ccb600000,0x0000008ccb700000) (1024K)]
  0x000001d6e01ac950 WatcherThread "VM Periodic Task Thread"        [id=3748, stack(0x0000008ccb500000,0x0000008ccb600000) (1024K)]
  0x000001d6c982d620 WorkerThread "GC Thread#0"                     [id=11744, stack(0x0000008ccb400000,0x0000008ccb500000) (1024K)]
  0x000001d6e58b15b0 WorkerThread "GC Thread#1"                     [id=11856, stack(0x0000008ccc200000,0x0000008ccc300000) (1024K)]
  0x000001d6e55b5ce0 WorkerThread "GC Thread#2"                     [id=9600, stack(0x0000008ccc300000,0x0000008ccc400000) (1024K)]
  0x000001d6e55b6080 WorkerThread "GC Thread#3"                     [id=1784, stack(0x0000008ccc400000,0x0000008ccc500000) (1024K)]
Total: 6

Threads with active compile tasks:
C2 CompilerThread0  3285654 18240   !   4       org.eclipse.jdt.internal.core.NameLookup::<init> (805 bytes)
Total: 1

VM state: not at safepoint (normal execution)

VM Mutex/Monitor currently owned by a thread: None

Heap address: 0x0000000080000000, size: 2048 MB, Compressed Oops mode: 32-bit

CDS archive(s) mapped at: [0x000001d680000000-0x000001d680ba0000-0x000001d680ba0000), size 12189696, SharedBaseAddress: 0x000001d680000000, ArchiveRelocationMode: 1.
Compressed class space mapped at: 0x000001d681000000-0x000001d6c1000000, reserved size: 1073741824
Narrow klass base: 0x000001d680000000, Narrow klass shift: 0, Narrow klass range: 0x100000000

GC Precious Log:
 CardTable entry size: 512
 CPUs: 4 total, 4 available
 Memory: 7934M
 Large Page Support: Disabled
 NUMA Support: Disabled
 Compressed Oops: Enabled (32-bit)
 Alignments: Space 512K, Generation 512K, Heap 2M
 Heap Min Capacity: 100M
 Heap Initial Capacity: 100M
 Heap Max Capacity: 2G
 Pre-touch: Disabled
 Parallel Workers: 4

Heap:
 PSYoungGen      total 6144K, used 5323K [0x00000000d5580000, 0x00000000d5c80000, 0x0000000100000000)
  eden space 5120K, 91% used [0x00000000d5580000,0x00000000d5a15bd0,0x00000000d5a80000)
  from space 1024K, 61% used [0x00000000d5b80000,0x00000000d5c1d200,0x00000000d5c80000)
  to   space 1024K, 0% used [0x00000000d5a80000,0x00000000d5a80000,0x00000000d5b80000)
 ParOldGen       total 513024K, used 512525K [0x0000000080000000, 0x000000009f500000, 0x00000000d5580000)
  object space 513024K, 99% used [0x0000000080000000,0x000000009f483648,0x000000009f500000)
 Metaspace       used 82606K, committed 84160K, reserved 1179648K
  class space    used 8508K, committed 9216K, reserved 1048576K

Card table byte_map: [0x000001d6c91e0000,0x000001d6c95f0000] _byte_map_base: 0x000001d6c8de0000

Marking Bits: (ParMarkBitMap*) 0x00007ffd25342460
 Begin Bits: [0x000001d6dbcd0000, 0x000001d6ddcd0000)
 End Bits:   [0x000001d6ddcd0000, 0x000001d6dfcd0000)

Polling page: 0x000001d6c7890000

Metaspace:

Usage:
  Non-class:     72.36 MB used.
      Class:      8.31 MB used.
       Both:     80.67 MB used.

Virtual space:
  Non-class space:      128.00 MB reserved,      73.19 MB ( 57%) committed,  2 nodes.
      Class space:        1.00 GB reserved,       9.00 MB ( <1%) committed,  1 nodes.
             Both:        1.12 GB reserved,      82.19 MB (  7%) committed. 

Chunk freelists:
   Non-Class:  5.94 MB
       Class:  6.90 MB
        Both:  12.84 MB

MaxMetaspaceSize: unlimited
CompressedClassSpaceSize: 1.00 GB
Initial GC threshold: 21.00 MB
Current GC threshold: 134.19 MB
CDS: on
 - commit_granule_bytes: 65536.
 - commit_granule_words: 8192.
 - virtual_space_node_default_size: 8388608.
 - enlarge_chunks_in_place: 1.
 - use_allocation_guard: 0.


Internal statistics:

num_allocs_failed_limit: 11.
num_arena_births: 1396.
num_arena_deaths: 24.
num_vsnodes_births: 3.
num_vsnodes_deaths: 0.
num_space_committed: 1315.
num_space_uncommitted: 0.
num_chunks_returned_to_freelist: 39.
num_chunks_taken_from_freelist: 5147.
num_chunk_merges: 20.
num_chunk_splits: 3191.
num_chunks_enlarged: 1869.
num_inconsistent_stats: 0.

CodeHeap 'non-profiled nmethods': size=120000Kb used=14976Kb max_used=14976Kb free=105023Kb
 bounds [0x000001d6d44f0000, 0x000001d6d53a0000, 0x000001d6dba20000]
CodeHeap 'profiled nmethods': size=120000Kb used=40941Kb max_used=40941Kb free=79058Kb
 bounds [0x000001d6cca20000, 0x000001d6cf220000, 0x000001d6d3f50000]
CodeHeap 'non-nmethods': size=5760Kb used=1527Kb max_used=1596Kb free=4232Kb
 bounds [0x000001d6d3f50000, 0x000001d6d41c0000, 0x000001d6d44f0000]
CodeCache: size=245760Kb, used=57444Kb, max_used=57513Kb, free=188313Kb
 total_blobs=17554, nmethods=16717, adapters=736, full_count=0
Compilation: enabled, stopped_count=0, restarted_count=0

Compilation events (20 events):
Event: 3285.437 Thread 0x000001d6e027d260 18249       3       org.eclipse.jdt.internal.compiler.lookup.LookupEnvironment::enterSuperTypeLookup (29 bytes)
Event: 3285.437 Thread 0x000001d6e027d260 nmethod 18249 0x000001d6cf210910 code [0x000001d6cf210ac0, 0x000001d6cf210cb8]
Event: 3285.456 Thread 0x000001d6e027d260 18250   !   3       org.eclipse.jdt.internal.compiler.lookup.LookupEnvironment::getModuleFromAnswer (135 bytes)
Event: 3285.458 Thread 0x000001d6e027d260 nmethod 18250 0x000001d6cf210d90 code [0x000001d6cf211000, 0x000001d6cf211948]
Event: 3285.461 Thread 0x000001d6e027d260 18251       3       org.eclipse.jdt.internal.compiler.ast.FieldDeclaration::analyseCode (362 bytes)
Event: 3285.466 Thread 0x000001d6e027d260 nmethod 18251 0x000001d6cf211c90 code [0x000001d6cf2120c0, 0x000001d6cf214490]
Event: 3285.466 Thread 0x000001d6e027d260 18254       3       org.eclipse.jdt.internal.compiler.ast.QualifiedNameReference::analyseCode (341 bytes)
Event: 3285.469 Thread 0x000001d6e027d260 nmethod 18254 0x000001d6cf215110 code [0x000001d6cf215440, 0x000001d6cf216ad8]
Event: 3285.469 Thread 0x000001d6e027d260 18253       3       org.eclipse.jdt.internal.compiler.ast.QualifiedNameReference::analyseCode (9 bytes)
Event: 3285.469 Thread 0x000001d6e027d260 nmethod 18253 0x000001d6cf217190 code [0x000001d6cf217340, 0x000001d6cf217508]
Event: 3285.469 Thread 0x000001d6e027d260 18252       3       org.eclipse.jdt.internal.compiler.lookup.FieldBinding::isUsed (22 bytes)
Event: 3285.469 Thread 0x000001d6e027d260 nmethod 18252 0x000001d6cf217610 code [0x000001d6cf2177c0, 0x000001d6cf217968]
Event: 3285.470 Thread 0x000001d6e027d260 18255       3       org.eclipse.jdt.internal.compiler.ast.QualifiedNameReference::generateCode (488 bytes)
Event: 3285.473 Thread 0x000001d6e027d260 nmethod 18255 0x000001d6cf217a10 code [0x000001d6cf217e00, 0x000001d6cf219f38]
Event: 3285.473 Thread 0x000001d6e027d260 18256       3       org.eclipse.jdt.internal.compiler.ast.QualifiedNameReference::getGenericCast (27 bytes)
Event: 3285.473 Thread 0x000001d6e027d260 nmethod 18256 0x000001d6cf21a790 code [0x000001d6cf21a940, 0x000001d6cf21ab38]
Event: 3285.478 Thread 0x000001d6e027d260 18257       3       org.eclipse.osgi.internal.log.LoggerImpl::getLocation (78 bytes)
Event: 3285.481 Thread 0x000001d6e027d260 nmethod 18257 0x000001d6cf21ac10 code [0x000001d6cf21ae40, 0x000001d6cf21b410]
Event: 3285.572 Thread 0x000001d6e027d260 18258       3       java.lang.ref.ReferenceQueue::await (15 bytes)
Event: 3285.572 Thread 0x000001d6e027d260 nmethod 18258 0x000001d6cf21b690 code [0x000001d6cf21b840, 0x000001d6cf21b9e0]

GC Heap History (20 events):
Event: 3280.209 GC heap before
{Heap before GC invocations=961 (full 4):
 PSYoungGen      total 7168K, used 6912K [0x00000000d5580000, 0x00000000d6000000, 0x0000000100000000)
  eden space 4096K, 100% used [0x00000000d5580000,0x00000000d5980000,0x00000000d5980000)
  from space 3072K, 91% used [0x00000000d5d00000,0x00000000d5fc0000,0x00000000d6000000)
  to   space 3072K, 0% used [0x00000000d5a00000,0x00000000d5a00000,0x00000000d5d00000)
 ParOldGen       total 506880K, used 506792K [0x0000000080000000, 0x000000009ef00000, 0x00000000d5580000)
  object space 506880K, 99% used [0x0000000080000000,0x000000009eeea038,0x000000009ef00000)
 Metaspace       used 82527K, committed 84096K, reserved 1179648K
  class space    used 8508K, committed 9216K, reserved 1048576K
}
Event: 3280.221 GC heap after
{Heap after GC invocations=961 (full 4):
 PSYoungGen      total 6144K, used 1870K [0x00000000d5580000, 0x00000000d5e80000, 0x0000000100000000)
  eden space 4096K, 0% used [0x00000000d5580000,0x00000000d5580000,0x00000000d5980000)
  from space 2048K, 91% used [0x00000000d5a00000,0x00000000d5bd3b00,0x00000000d5c00000)
  to   space 2560K, 0% used [0x00000000d5c00000,0x00000000d5c00000,0x00000000d5e80000)
 ParOldGen       total 509440K, used 509360K [0x0000000080000000, 0x000000009f180000, 0x00000000d5580000)
  object space 509440K, 99% used [0x0000000080000000,0x000000009f16c038,0x000000009f180000)
 Metaspace       used 82527K, committed 84096K, reserved 1179648K
  class space    used 8508K, committed 9216K, reserved 1048576K
}
Event: 3280.241 GC heap before
{Heap before GC invocations=962 (full 4):
 PSYoungGen      total 6144K, used 5966K [0x00000000d5580000, 0x00000000d5e80000, 0x0000000100000000)
  eden space 4096K, 100% used [0x00000000d5580000,0x00000000d5980000,0x00000000d5980000)
  from space 2048K, 91% used [0x00000000d5a00000,0x00000000d5bd3b00,0x00000000d5c00000)
  to   space 2560K, 0% used [0x00000000d5c00000,0x00000000d5c00000,0x00000000d5e80000)
 ParOldGen       total 509440K, used 509360K [0x0000000080000000, 0x000000009f180000, 0x00000000d5580000)
  object space 509440K, 99% used [0x0000000080000000,0x000000009f16c038,0x000000009f180000)
 Metaspace       used 82527K, committed 84096K, reserved 1179648K
  class space    used 8508K, committed 9216K, reserved 1048576K
}
Event: 3280.252 GC heap after
{Heap after GC invocations=962 (full 4):
 PSYoungGen      total 6656K, used 864K [0x00000000d5580000, 0x00000000d5d80000, 0x0000000100000000)
  eden space 5120K, 0% used [0x00000000d5580000,0x00000000d5580000,0x00000000d5a80000)
  from space 1536K, 56% used [0x00000000d5c00000,0x00000000d5cd8000,0x00000000d5d80000)
  to   space 1536K, 0% used [0x00000000d5a80000,0x00000000d5a80000,0x00000000d5c00000)
 ParOldGen       total 511488K, used 511193K [0x0000000080000000, 0x000000009f380000, 0x00000000d5580000)
  object space 511488K, 99% used [0x0000000080000000,0x000000009f336438,0x000000009f380000)
 Metaspace       used 82527K, committed 84096K, reserved 1179648K
  class space    used 8508K, committed 9216K, reserved 1048576K
}
Event: 3280.291 GC heap before
{Heap before GC invocations=963 (full 4):
 PSYoungGen      total 6656K, used 5984K [0x00000000d5580000, 0x00000000d5d80000, 0x0000000100000000)
  eden space 5120K, 100% used [0x00000000d5580000,0x00000000d5a80000,0x00000000d5a80000)
  from space 1536K, 56% used [0x00000000d5c00000,0x00000000d5cd8000,0x00000000d5d80000)
  to   space 1536K, 0% used [0x00000000d5a80000,0x00000000d5a80000,0x00000000d5c00000)
 ParOldGen       total 511488K, used 511193K [0x0000000080000000, 0x000000009f380000, 0x00000000d5580000)
  object space 511488K, 99% used [0x0000000080000000,0x000000009f336438,0x000000009f380000)
 Metaspace       used 82528K, committed 84096K, reserved 1179648K
  class space    used 8508K, committed 9216K, reserved 1048576K
}
Event: 3280.296 GC heap after
{Heap after GC invocations=963 (full 4):
 PSYoungGen      total 6144K, used 745K [0x00000000d5580000, 0x00000000d5c80000, 0x0000000100000000)
  eden space 5120K, 0% used [0x00000000d5580000,0x00000000d5580000,0x00000000d5a80000)
  from space 1024K, 72% used [0x00000000d5a80000,0x00000000d5b3a400,0x00000000d5b80000)
  to   space 1024K, 0% used [0x00000000d5b80000,0x00000000d5b80000,0x00000000d5c80000)
 ParOldGen       total 512000K, used 511593K [0x0000000080000000, 0x000000009f400000, 0x00000000d5580000)
  object space 512000K, 99% used [0x0000000080000000,0x000000009f39a438,0x000000009f400000)
 Metaspace       used 82528K, committed 84096K, reserved 1179648K
  class space    used 8508K, committed 9216K, reserved 1048576K
}
Event: 3283.462 GC heap before
{Heap before GC invocations=964 (full 4):
 PSYoungGen      total 6144K, used 5865K [0x00000000d5580000, 0x00000000d5c80000, 0x0000000100000000)
  eden space 5120K, 100% used [0x00000000d5580000,0x00000000d5a80000,0x00000000d5a80000)
  from space 1024K, 72% used [0x00000000d5a80000,0x00000000d5b3a400,0x00000000d5b80000)
  to   space 1024K, 0% used [0x00000000d5b80000,0x00000000d5b80000,0x00000000d5c80000)
 ParOldGen       total 512000K, used 511593K [0x0000000080000000, 0x000000009f400000, 0x00000000d5580000)
  object space 512000K, 99% used [0x0000000080000000,0x000000009f39a438,0x000000009f400000)
 Metaspace       used 82542K, committed 84160K, reserved 1179648K
  class space    used 8508K, committed 9216K, reserved 1048576K
}
Event: 3283.467 GC heap after
{Heap after GC invocations=964 (full 4):
 PSYoungGen      total 5632K, used 128K [0x00000000d5580000, 0x00000000d5c00000, 0x0000000100000000)
  eden space 5120K, 0% used [0x00000000d5580000,0x00000000d5580000,0x00000000d5a80000)
  from space 512K, 25% used [0x00000000d5b80000,0x00000000d5ba0000,0x00000000d5c00000)
  to   space 512K, 0% used [0x00000000d5b00000,0x00000000d5b00000,0x00000000d5b80000)
 ParOldGen       total 512000K, used 511649K [0x0000000080000000, 0x000000009f400000, 0x00000000d5580000)
  object space 512000K, 99% used [0x0000000080000000,0x000000009f3a8438,0x000000009f400000)
 Metaspace       used 82542K, committed 84160K, reserved 1179648K
  class space    used 8508K, committed 9216K, reserved 1048576K
}
Event: 3283.825 GC heap before
{Heap before GC invocations=965 (full 4):
 PSYoungGen      total 5632K, used 5248K [0x00000000d5580000, 0x00000000d5c00000, 0x0000000100000000)
  eden space 5120K, 100% used [0x00000000d5580000,0x00000000d5a80000,0x00000000d5a80000)
  from space 512K, 25% used [0x00000000d5b80000,0x00000000d5ba0000,0x00000000d5c00000)
  to   space 512K, 0% used [0x00000000d5b00000,0x00000000d5b00000,0x00000000d5b80000)
 ParOldGen       total 512000K, used 511649K [0x0000000080000000, 0x000000009f400000, 0x00000000d5580000)
  object space 512000K, 99% used [0x0000000080000000,0x000000009f3a8438,0x000000009f400000)
 Metaspace       used 82547K, committed 84160K, reserved 1179648K
  class space    used 8508K, committed 9216K, reserved 1048576K
}
Event: 3283.829 GC heap after
{Heap after GC invocations=965 (full 4):
 PSYoungGen      total 5632K, used 500K [0x00000000d5580000, 0x00000000d5c80000, 0x0000000100000000)
  eden space 5120K, 0% used [0x00000000d5580000,0x00000000d5580000,0x00000000d5a80000)
  from space 512K, 97% used [0x00000000d5b00000,0x00000000d5b7d200,0x00000000d5b80000)
  to   space 1024K, 0% used [0x00000000d5b80000,0x00000000d5b80000,0x00000000d5c80000)
 ParOldGen       total 512000K, used 511673K [0x0000000080000000, 0x000000009f400000, 0x00000000d5580000)
  object space 512000K, 99% used [0x0000000080000000,0x000000009f3ae438,0x000000009f400000)
 Metaspace       used 82547K, committed 84160K, reserved 1179648K
  class space    used 8508K, committed 9216K, reserved 1048576K
}
Event: 3284.189 GC heap before
{Heap before GC invocations=966 (full 4):
 PSYoungGen      total 5632K, used 5620K [0x00000000d5580000, 0x00000000d5c80000, 0x0000000100000000)
  eden space 5120K, 100% used [0x00000000d5580000,0x00000000d5a80000,0x00000000d5a80000)
  from space 512K, 97% used [0x00000000d5b00000,0x00000000d5b7d200,0x00000000d5b80000)
  to   space 1024K, 0% used [0x00000000d5b80000,0x00000000d5b80000,0x00000000d5c80000)
 ParOldGen       total 512000K, used 511673K [0x0000000080000000, 0x000000009f400000, 0x00000000d5580000)
  object space 512000K, 99% used [0x0000000080000000,0x000000009f3ae438,0x000000009f400000)
 Metaspace       used 82552K, committed 84160K, reserved 1179648K
  class space    used 8508K, committed 9216K, reserved 1048576K
}
Event: 3284.192 GC heap after
{Heap after GC invocations=966 (full 4):
 PSYoungGen      total 5632K, used 330K [0x00000000d5580000, 0x00000000d5c00000, 0x0000000100000000)
  eden space 5120K, 0% used [0x00000000d5580000,0x00000000d5580000,0x00000000d5a80000)
  from space 512K, 64% used [0x00000000d5b80000,0x00000000d5bd2910,0x00000000d5c00000)
  to   space 512K, 0% used [0x00000000d5b00000,0x00000000d5b00000,0x00000000d5b80000)
 ParOldGen       total 512000K, used 511705K [0x0000000080000000, 0x000000009f400000, 0x00000000d5580000)
  object space 512000K, 99% used [0x0000000080000000,0x000000009f3b6438,0x000000009f400000)
 Metaspace       used 82552K, committed 84160K, reserved 1179648K
  class space    used 8508K, committed 9216K, reserved 1048576K
}
Event: 3284.464 GC heap before
{Heap before GC invocations=967 (full 4):
 PSYoungGen      total 5632K, used 5450K [0x00000000d5580000, 0x00000000d5c00000, 0x0000000100000000)
  eden space 5120K, 100% used [0x00000000d5580000,0x00000000d5a80000,0x00000000d5a80000)
  from space 512K, 64% used [0x00000000d5b80000,0x00000000d5bd2910,0x00000000d5c00000)
  to   space 512K, 0% used [0x00000000d5b00000,0x00000000d5b00000,0x00000000d5b80000)
 ParOldGen       total 512000K, used 511705K [0x0000000080000000, 0x000000009f400000, 0x00000000d5580000)
  object space 512000K, 99% used [0x0000000080000000,0x000000009f3b6438,0x000000009f400000)
 Metaspace       used 82560K, committed 84160K, reserved 1179648K
  class space    used 8508K, committed 9216K, reserved 1048576K
}
Event: 3284.468 GC heap after
{Heap after GC invocations=967 (full 4):
 PSYoungGen      total 5632K, used 196K [0x00000000d5580000, 0x00000000d5c00000, 0x0000000100000000)
  eden space 5120K, 0% used [0x00000000d5580000,0x00000000d5580000,0x00000000d5a80000)
  from space 512K, 38% used [0x00000000d5b00000,0x00000000d5b31210,0x00000000d5b80000)
  to   space 512K, 0% used [0x00000000d5b80000,0x00000000d5b80000,0x00000000d5c00000)
 ParOldGen       total 512000K, used 511713K [0x0000000080000000, 0x000000009f400000, 0x00000000d5580000)
  object space 512000K, 99% used [0x0000000080000000,0x000000009f3b8438,0x000000009f400000)
 Metaspace       used 82560K, committed 84160K, reserved 1179648K
  class space    used 8508K, committed 9216K, reserved 1048576K
}
Event: 3284.858 GC heap before
{Heap before GC invocations=968 (full 4):
 PSYoungGen      total 5632K, used 5316K [0x00000000d5580000, 0x00000000d5c00000, 0x0000000100000000)
  eden space 5120K, 100% used [0x00000000d5580000,0x00000000d5a80000,0x00000000d5a80000)
  from space 512K, 38% used [0x00000000d5b00000,0x00000000d5b31210,0x00000000d5b80000)
  to   space 512K, 0% used [0x00000000d5b80000,0x00000000d5b80000,0x00000000d5c00000)
 ParOldGen       total 512000K, used 511713K [0x0000000080000000, 0x000000009f400000, 0x00000000d5580000)
  object space 512000K, 99% used [0x0000000080000000,0x000000009f3b8438,0x000000009f400000)
 Metaspace       used 82572K, committed 84160K, reserved 1179648K
  class space    used 8508K, committed 9216K, reserved 1048576K
}
Event: 3284.860 GC heap after
{Heap after GC invocations=968 (full 4):
 PSYoungGen      total 5632K, used 128K [0x00000000d5580000, 0x00000000d5c00000, 0x0000000100000000)
  eden space 5120K, 0% used [0x00000000d5580000,0x00000000d5580000,0x00000000d5a80000)
  from space 512K, 25% used [0x00000000d5b80000,0x00000000d5ba0000,0x00000000d5c00000)
  to   space 512K, 0% used [0x00000000d5b00000,0x00000000d5b00000,0x00000000d5b80000)
 ParOldGen       total 512000K, used 511721K [0x0000000080000000, 0x000000009f400000, 0x00000000d5580000)
  object space 512000K, 99% used [0x0000000080000000,0x000000009f3ba438,0x000000009f400000)
 Metaspace       used 82572K, committed 84160K, reserved 1179648K
  class space    used 8508K, committed 9216K, reserved 1048576K
}
Event: 3285.022 GC heap before
{Heap before GC invocations=969 (full 4):
 PSYoungGen      total 5632K, used 5248K [0x00000000d5580000, 0x00000000d5c00000, 0x0000000100000000)
  eden space 5120K, 100% used [0x00000000d5580000,0x00000000d5a80000,0x00000000d5a80000)
  from space 512K, 25% used [0x00000000d5b80000,0x00000000d5ba0000,0x00000000d5c00000)
  to   space 512K, 0% used [0x00000000d5b00000,0x00000000d5b00000,0x00000000d5b80000)
 ParOldGen       total 512000K, used 511721K [0x0000000080000000, 0x000000009f400000, 0x00000000d5580000)
  object space 512000K, 99% used [0x0000000080000000,0x000000009f3ba438,0x000000009f400000)
 Metaspace       used 82572K, committed 84160K, reserved 1179648K
  class space    used 8508K, committed 9216K, reserved 1048576K
}
Event: 3285.025 GC heap after
{Heap after GC invocations=969 (full 4):
 PSYoungGen      total 5632K, used 500K [0x00000000d5580000, 0x00000000d5c80000, 0x0000000100000000)
  eden space 5120K, 0% used [0x00000000d5580000,0x00000000d5580000,0x00000000d5a80000)
  from space 512K, 97% used [0x00000000d5b00000,0x00000000d5b7d200,0x00000000d5b80000)
  to   space 1024K, 0% used [0x00000000d5b80000,0x00000000d5b80000,0x00000000d5c80000)
 ParOldGen       total 512512K, used 512009K [0x0000000080000000, 0x000000009f480000, 0x00000000d5580000)
  object space 512512K, 99% used [0x0000000080000000,0x000000009f402448,0x000000009f480000)
 Metaspace       used 82572K, committed 84160K, reserved 1179648K
  class space    used 8508K, committed 9216K, reserved 1048576K
}
Event: 3285.403 GC heap before
{Heap before GC invocations=970 (full 4):
 PSYoungGen      total 5632K, used 5620K [0x00000000d5580000, 0x00000000d5c80000, 0x0000000100000000)
  eden space 5120K, 99% used [0x00000000d5580000,0x00000000d5a7fff8,0x00000000d5a80000)
  from space 512K, 97% used [0x00000000d5b00000,0x00000000d5b7d200,0x00000000d5b80000)
  to   space 1024K, 0% used [0x00000000d5b80000,0x00000000d5b80000,0x00000000d5c80000)
 ParOldGen       total 512512K, used 512009K [0x0000000080000000, 0x000000009f480000, 0x00000000d5580000)
  object space 512512K, 99% used [0x0000000080000000,0x000000009f402448,0x000000009f480000)
 Metaspace       used 82582K, committed 84160K, reserved 1179648K
  class space    used 8508K, committed 9216K, reserved 1048576K
}
Event: 3285.407 GC heap after
{Heap after GC invocations=970 (full 4):
 PSYoungGen      total 6144K, used 628K [0x00000000d5580000, 0x00000000d5c80000, 0x0000000100000000)
  eden space 5120K, 0% used [0x00000000d5580000,0x00000000d5580000,0x00000000d5a80000)
  from space 1024K, 61% used [0x00000000d5b80000,0x00000000d5c1d200,0x00000000d5c80000)
  to   space 1024K, 0% used [0x00000000d5a80000,0x00000000d5a80000,0x00000000d5b80000)
 ParOldGen       total 513024K, used 512525K [0x0000000080000000, 0x000000009f500000, 0x00000000d5580000)
  object space 513024K, 99% used [0x0000000080000000,0x000000009f483648,0x000000009f500000)
 Metaspace       used 82582K, committed 84160K, reserved 1179648K
  class space    used 8508K, committed 9216K, reserved 1048576K
}

Dll operation events (12 events):
Event: 0.064 Loaded shared library c:\Users\Admin\.vscode\extensions\redhat.java-1.51.0-win32-x64\jre\21.0.9-win32-x86_64\bin\java.dll
Event: 0.500 Loaded shared library c:\Users\Admin\.vscode\extensions\redhat.java-1.51.0-win32-x64\jre\21.0.9-win32-x86_64\bin\zip.dll
Event: 0.583 Loaded shared library C:\Users\Admin\.vscode\extensions\redhat.java-1.51.0-win32-x64\jre\21.0.9-win32-x86_64\bin\instrument.dll
Event: 0.598 Loaded shared library C:\Users\Admin\.vscode\extensions\redhat.java-1.51.0-win32-x64\jre\21.0.9-win32-x86_64\bin\net.dll
Event: 0.621 Loaded shared library C:\Users\Admin\.vscode\extensions\redhat.java-1.51.0-win32-x64\jre\21.0.9-win32-x86_64\bin\nio.dll
Event: 0.644 Loaded shared library C:\Users\Admin\.vscode\extensions\redhat.java-1.51.0-win32-x64\jre\21.0.9-win32-x86_64\bin\zip.dll
Event: 0.763 Loaded shared library C:\Users\Admin\.vscode\extensions\redhat.java-1.51.0-win32-x64\jre\21.0.9-win32-x86_64\bin\jimage.dll
Event: 1.116 Loaded shared library c:\Users\Admin\.vscode\extensions\redhat.java-1.51.0-win32-x64\jre\21.0.9-win32-x86_64\bin\verify.dll
Event: 5.615 Loaded shared library C:\Users\Admin\AppData\Roaming\Code\User\globalStorage\redhat.java\1.51.0\config_win\org.eclipse.equinox.launcher\org.eclipse.equinox.launcher.win32.win32.x86_64_1.2.1400.v20250801-0854\eclipse_11916.dll
Event: 10.587 Loaded shared library C:\Users\Admin\AppData\Local\Temp\jna-63116079\jna1622922331701522199.dll
Event: 29.534 Loaded shared library C:\Users\Admin\.vscode\extensions\redhat.java-1.51.0-win32-x64\jre\21.0.9-win32-x86_64\bin\sunmscapi.dll
Event: 30.760 Loaded shared library C:\Users\Admin\.vscode\extensions\redhat.java-1.51.0-win32-x64\jre\21.0.9-win32-x86_64\bin\extnet.dll

Deoptimization events (20 events):
Event: 3265.274 Thread 0x000001d6e73d9220 DEOPT PACKING pc=0x000001d6ce1283e8 sp=0x0000008ccd2fe900
Event: 3265.274 Thread 0x000001d6e73d9220 DEOPT UNPACKING pc=0x000001d6d3fa78e2 sp=0x0000008ccd2fdd88 mode 0
Event: 3271.433 Thread 0x000001d6f1e75580 Uncommon trap: trap_request=0xffffffc6 fr.pc=0x000001d6d4b00240 relative=0x0000000000000f60
Event: 3271.433 Thread 0x000001d6f1e75580 Uncommon trap: reason=bimorphic_or_optimized_type_check action=maybe_recompile pc=0x000001d6d4b00240 method=java.util.Hashtable.putAll(Ljava/util/Map;)V @ 22 c2
Event: 3271.434 Thread 0x000001d6f1e75580 DEOPT PACKING pc=0x000001d6d4b00240 sp=0x0000008cccdfee70
Event: 3271.434 Thread 0x000001d6f1e75580 DEOPT UNPACKING pc=0x000001d6d3fa6da2 sp=0x0000008cccdfee70 mode 2
Event: 3276.426 Thread 0x000001d6e73d1c00 DEOPT PACKING pc=0x000001d6ce54b853 sp=0x0000008cccefc520
Event: 3276.426 Thread 0x000001d6e73d1c00 DEOPT UNPACKING pc=0x000001d6d3fa78e2 sp=0x0000008cccefbb68 mode 0
Event: 3279.352 Thread 0x000001d6e5deb970 DEOPT PACKING pc=0x000001d6ccdfe9fe sp=0x0000008ccd1fe7b0
Event: 3279.352 Thread 0x000001d6e5deb970 DEOPT UNPACKING pc=0x000001d6d3fa78e2 sp=0x0000008ccd1fdc20 mode 0
Event: 3280.257 Thread 0x000001d6f1e75580 Uncommon trap: trap_request=0xffffff45 fr.pc=0x000001d6d50d7f54 relative=0x0000000000000214
Event: 3280.257 Thread 0x000001d6f1e75580 Uncommon trap: reason=unstable_if action=reinterpret pc=0x000001d6d50d7f54 method=org.eclipse.jdt.internal.codeassist.select.SelectionParser.restartRecovery()Z @ 36 c2
Event: 3280.257 Thread 0x000001d6f1e75580 DEOPT PACKING pc=0x000001d6d50d7f54 sp=0x0000008cccdfe990
Event: 3280.257 Thread 0x000001d6f1e75580 DEOPT UNPACKING pc=0x000001d6d3fa6da2 sp=0x0000008cccdfe918 mode 2
Event: 3283.831 Thread 0x000001d6f1e734b0 Uncommon trap: trap_request=0xffffff6e fr.pc=0x000001d6d535c010 relative=0x00000000000002b0
Event: 3283.831 Thread 0x000001d6f1e734b0 Uncommon trap: reason=loop_limit_check action=maybe_recompile pc=0x000001d6d535c010 method=org.eclipse.jdt.internal.core.util.CommentRecorderParser.checkComment()V @ 202 c2
Event: 3283.831 Thread 0x000001d6f1e734b0 DEOPT PACKING pc=0x000001d6d535c010 sp=0x0000008ccccfde80
Event: 3283.831 Thread 0x000001d6f1e734b0 DEOPT UNPACKING pc=0x000001d6d3fa6da2 sp=0x0000008ccccfddf0 mode 2
Event: 3285.376 Thread 0x000001d6e5deb970 DEOPT PACKING pc=0x000001d6ce1d004b sp=0x0000008ccd1fe530
Event: 3285.376 Thread 0x000001d6e5deb970 DEOPT UNPACKING pc=0x000001d6d3fa78e2 sp=0x0000008ccd1fda40 mode 0

Classes loaded (20 events):
Event: 264.338 Loading class java/util/Collections$EmptyListIterator
Event: 264.338 Loading class java/util/Collections$EmptyListIterator done
Event: 266.121 Loading class sun/nio/fs/WindowsFileCopy
Event: 266.122 Loading class sun/nio/fs/WindowsFileCopy done
Event: 563.540 Loading class java/util/stream/Nodes$CollectorTask$OfRef
Event: 563.541 Loading class java/util/stream/Nodes$CollectorTask
Event: 563.544 Loading class java/util/stream/Nodes$CollectorTask done
Event: 563.544 Loading class java/util/stream/Nodes$CollectorTask$OfRef done
Event: 563.546 Loading class java/util/function/LongFunction
Event: 563.546 Loading class java/util/function/LongFunction done
Event: 563.546 Loading class java/util/stream/Nodes$ConcNode
Event: 563.547 Loading class java/util/stream/Nodes$AbstractConcNode
Event: 563.547 Loading class java/util/stream/Nodes$AbstractConcNode done
Event: 563.547 Loading class java/util/stream/Nodes$ConcNode done
Event: 563.570 Loading class java/io/ObjectOutputStream$BlockDataOutputStream
Event: 563.570 Loading class java/io/ObjectOutputStream$BlockDataOutputStream done
Event: 563.571 Loading class java/io/ObjectOutputStream$HandleTable
Event: 563.571 Loading class java/io/ObjectOutputStream$HandleTable done
Event: 563.571 Loading class java/io/ObjectOutputStream$ReplaceTable
Event: 563.571 Loading class java/io/ObjectOutputStream$ReplaceTable done

Classes unloaded (12 events):
Event: 12.137 Thread 0x000001d6c98ce930 Unloading class 0x000001d6811acc00 'java/lang/invoke/LambdaForm$MH+0x000001d6811acc00'
Event: 12.137 Thread 0x000001d6c98ce930 Unloading class 0x000001d6811ac800 'java/lang/invoke/LambdaForm$MH+0x000001d6811ac800'
Event: 12.137 Thread 0x000001d6c98ce930 Unloading class 0x000001d6811ac400 'java/lang/invoke/LambdaForm$MH+0x000001d6811ac400'
Event: 12.137 Thread 0x000001d6c98ce930 Unloading class 0x000001d6811ac000 'java/lang/invoke/LambdaForm$MH+0x000001d6811ac000'
Event: 12.137 Thread 0x000001d6c98ce930 Unloading class 0x000001d6811abc00 'java/lang/invoke/LambdaForm$BMH+0x000001d6811abc00'
Event: 12.137 Thread 0x000001d6c98ce930 Unloading class 0x000001d6811ab800 'java/lang/invoke/LambdaForm$DMH+0x000001d6811ab800'
Event: 12.137 Thread 0x000001d6c98ce930 Unloading class 0x000001d6811aa400 'java/lang/invoke/LambdaForm$DMH+0x000001d6811aa400'
Event: 362.109 Thread 0x000001d6c98ce930 Unloading class 0x000001d681768000 'java/lang/invoke/LambdaForm$DMH+0x000001d681768000'
Event: 362.109 Thread 0x000001d6c98ce930 Unloading class 0x000001d681761000 'java/lang/invoke/LambdaForm$MH+0x000001d681761000'
Event: 362.109 Thread 0x000001d6c98ce930 Unloading class 0x000001d681760c00 'java/lang/invoke/LambdaForm$MH+0x000001d681760c00'
Event: 362.109 Thread 0x000001d6c98ce930 Unloading class 0x000001d681760800 'java/lang/invoke/LambdaForm$MH+0x000001d681760800'
Event: 362.109 Thread 0x000001d6c98ce930 Unloading class 0x000001d681750c00 'java/lang/invoke/LambdaForm$DMH+0x000001d681750c00'

Classes redefined (0 events):
No events

Internal exceptions (20 events):
Event: 387.717 Thread 0x000001d6e5deda40 Exception <a 'sun/nio/fs/WindowsException'{0x00000000d5638568}> (0x00000000d5638568) 
thrown [s\src\hotspot\share\prims\jni.cpp, line 520]
Event: 388.273 Thread 0x000001d6e5deda40 Exception <a 'sun/nio/fs/WindowsException'{0x00000000d586ebf8}> (0x00000000d586ebf8) 
thrown [s\src\hotspot\share\prims\jni.cpp, line 520]
Event: 394.163 Thread 0x000001d6e5deda40 Exception <a 'sun/nio/fs/WindowsException'{0x00000000d570a750}> (0x00000000d570a750) 
thrown [s\src\hotspot\share\prims\jni.cpp, line 520]
Event: 394.512 Thread 0x000001d6e5deda40 Exception <a 'sun/nio/fs/WindowsException'{0x00000000d56ffdc0}> (0x00000000d56ffdc0) 
thrown [s\src\hotspot\share\prims\jni.cpp, line 520]
Event: 403.771 Thread 0x000001d6e73d2290 Exception <a 'java/lang/IncompatibleClassChangeError'{0x00000000d578f638}: Found class java.lang.Object, but interface was expected> (0x00000000d578f638) 
thrown [s\src\hotspot\share\interpreter\linkResolver.cpp, line 840]
Event: 404.477 Thread 0x000001d6e73d2290 Exception <a 'java/lang/IncompatibleClassChangeError'{0x00000000d5648f48}: Found class java.lang.Object, but interface was expected> (0x00000000d5648f48) 
thrown [s\src\hotspot\share\interpreter\linkResolver.cpp, line 840]
Event: 563.561 Thread 0x000001d6f1e77ce0 Exception <a 'sun/nio/fs/WindowsException'{0x00000000d565d2b0}> (0x00000000d565d2b0) 
thrown [s\src\hotspot\share\prims\jni.cpp, line 520]
Event: 563.561 Thread 0x000001d6f1e77ce0 Exception <a 'sun/nio/fs/WindowsException'{0x00000000d565dc70}> (0x00000000d565dc70) 
thrown [s\src\hotspot\share\prims\jni.cpp, line 520]
Event: 563.562 Thread 0x000001d6f1e77ce0 Implicit null exception at 0x000001d6d49f1286 to 0x000001d6d49f1600
Event: 563.580 Thread 0x000001d6f1e77ce0 Exception <a 'java/lang/NoSuchMethodError'{0x00000000d56be978}: 'java.lang.Object java.lang.invoke.DirectMethodHandle$Holder.newInvokeSpecial(java.lang.Object, java.lang.Object, java.lang.Object, java.lang.Object, java.lang.Object, java.lang.Object, java.lang.Object, java.lang.Object)'> (0x00000000d56be978) 
thrown [s\src\hotspot\share\interpreter\linkResolver.cpp, line 773]
Event: 1019.466 Thread 0x000001d6e73d2290 Exception <a 'java/lang/IncompatibleClassChangeError'{0x00000000d55ac1c8}: Found class java.lang.Object, but interface was expected> (0x00000000d55ac1c8) 
thrown [s\src\hotspot\share\interpreter\linkResolver.cpp, line 840]
Event: 3263.609 Thread 0x000001d6e5deda40 Exception <a 'sun/nio/fs/WindowsException'{0x00000000d56f6b68}> (0x00000000d56f6b68) 
thrown [s\src\hotspot\share\prims\jni.cpp, line 520]
Event: 3264.216 Thread 0x000001d6e5deda40 Exception <a 'sun/nio/fs/WindowsException'{0x00000000d5883210}> (0x00000000d5883210) 
thrown [s\src\hotspot\share\prims\jni.cpp, line 520]
Event: 3272.601 Thread 0x000001d6e5deda40 Exception <a 'sun/nio/fs/WindowsException'{0x00000000d57ec540}> (0x00000000d57ec540) 
thrown [s\src\hotspot\share\prims\jni.cpp, line 520]
Event: 3272.946 Thread 0x000001d6e5deda40 Exception <a 'sun/nio/fs/WindowsException'{0x00000000d5647920}> (0x00000000d5647920) 
thrown [s\src\hotspot\share\prims\jni.cpp, line 520]
Event: 3276.137 Thread 0x000001d6e5deda40 Exception <a 'sun/nio/fs/WindowsException'{0x00000000d595ab50}> (0x00000000d595ab50) 
thrown [s\src\hotspot\share\prims\jni.cpp, line 520]
Event: 3276.718 Thread 0x000001d6e5deda40 Exception <a 'sun/nio/fs/WindowsException'{0x00000000d578a4f0}> (0x00000000d578a4f0) 
thrown [s\src\hotspot\share\prims\jni.cpp, line 520]
Event: 3279.139 Thread 0x000001d6e73d2290 Exception <a 'java/lang/IncompatibleClassChangeError'{0x00000000d5861c90}: Found class java.lang.Object, but interface was expected> (0x00000000d5861c90) 
thrown [s\src\hotspot\share\interpreter\linkResolver.cpp, line 840]
Event: 3279.348 Thread 0x000001d6e5deda40 Exception <a 'sun/nio/fs/WindowsException'{0x00000000d56bcd58}> (0x00000000d56bcd58) 
thrown [s\src\hotspot\share\prims\jni.cpp, line 520]
Event: 3279.812 Thread 0x000001d6e5deda40 Exception <a 'sun/nio/fs/WindowsException'{0x00000000d578a2b0}> (0x00000000d578a2b0) 
thrown [s\src\hotspot\share\prims\jni.cpp, line 520]

ZGC Phase Switch (0 events):
No events

VM Operations (20 events):
Event: 3280.209 Executing VM operation: ParallelGCFailedAllocation (Allocation Failure)
Event: 3280.222 Executing VM operation: ParallelGCFailedAllocation (Allocation Failure) done
Event: 3280.241 Executing VM operation: ParallelGCFailedAllocation (Allocation Failure)
Event: 3280.252 Executing VM operation: ParallelGCFailedAllocation (Allocation Failure) done
Event: 3280.291 Executing VM operation: ParallelGCFailedAllocation (Allocation Failure)
Event: 3280.296 Executing VM operation: ParallelGCFailedAllocation (Allocation Failure) done
Event: 3283.451 Executing VM operation: ParallelGCFailedAllocation (Allocation Failure)
Event: 3283.467 Executing VM operation: ParallelGCFailedAllocation (Allocation Failure) done
Event: 3283.825 Executing VM operation: ParallelGCFailedAllocation (Allocation Failure)
Event: 3283.829 Executing VM operation: ParallelGCFailedAllocation (Allocation Failure) done
Event: 3284.189 Executing VM operation: ParallelGCFailedAllocation (Allocation Failure)
Event: 3284.192 Executing VM operation: ParallelGCFailedAllocation (Allocation Failure) done
Event: 3284.464 Executing VM operation: ParallelGCFailedAllocation (Allocation Failure)
Event: 3284.468 Executing VM operation: ParallelGCFailedAllocation (Allocation Failure) done
Event: 3284.858 Executing VM operation: ParallelGCFailedAllocation (Allocation Failure)
Event: 3284.860 Executing VM operation: ParallelGCFailedAllocation (Allocation Failure) done
Event: 3285.022 Executing VM operation: ParallelGCFailedAllocation (Allocation Failure)
Event: 3285.025 Executing VM operation: ParallelGCFailedAllocation (Allocation Failure) done
Event: 3285.403 Executing VM operation: ParallelGCFailedAllocation (Allocation Failure)
Event: 3285.407 Executing VM operation: ParallelGCFailedAllocation (Allocation Failure) done

Memory protections (0 events):
No events

Nmethod flushes (20 events):
Event: 362.154 Thread 0x000001d6c98ce930 flushing  nmethod 0x000001d6cd8ae490
Event: 362.154 Thread 0x000001d6c98ce930 flushing  nmethod 0x000001d6cd8b0a90
Event: 362.154 Thread 0x000001d6c98ce930 flushing  nmethod 0x000001d6cd8b1310
Event: 362.154 Thread 0x000001d6c98ce930 flushing  nmethod 0x000001d6cd8b1b90
Event: 362.154 Thread 0x000001d6c98ce930 flushing  nmethod 0x000001d6cd8b2410
Event: 362.154 Thread 0x000001d6c98ce930 flushing  nmethod 0x000001d6cd8b4a90
Event: 362.154 Thread 0x000001d6c98ce930 flushing  nmethod 0x000001d6cd8b5190
Event: 362.154 Thread 0x000001d6c98ce930 flushing  nmethod 0x000001d6cd8b5810
Event: 362.154 Thread 0x000001d6c98ce930 flushing  nmethod 0x000001d6cd8ba890
Event: 362.154 Thread 0x000001d6c98ce930 flushing  nmethod 0x000001d6cd8bac90
Event: 362.154 Thread 0x000001d6c98ce930 flushing  nmethod 0x000001d6cd8bb090
Event: 362.154 Thread 0x000001d6c98ce930 flushing  nmethod 0x000001d6cd8bba10
Event: 362.154 Thread 0x000001d6c98ce930 flushing  nmethod 0x000001d6cd8bca90
Event: 362.154 Thread 0x000001d6c98ce930 flushing  nmethod 0x000001d6cd8bde90
Event: 362.154 Thread 0x000001d6c98ce930 flushing  nmethod 0x000001d6cd8c6810
Event: 362.154 Thread 0x000001d6c98ce930 flushing  nmethod 0x000001d6cd8d5390
Event: 362.154 Thread 0x000001d6c98ce930 flushing  nmethod 0x000001d6cd8d6590
Event: 362.154 Thread 0x000001d6c98ce930 flushing  nmethod 0x000001d6cd910010
Event: 362.154 Thread 0x000001d6c98ce930 flushing  nmethod 0x000001d6cd933690
Event: 362.154 Thread 0x000001d6c98ce930 flushing  nmethod 0x000001d6cd94ba10

Events (20 events):
Event: 1586.924 Thread 0x000001d6f1e734b0 Thread exited: 0x000001d6f1e734b0
Event: 1646.932 Thread 0x000001d6f1e75580 Thread exited: 0x000001d6f1e75580
Event: 1706.945 Thread 0x000001d6f1e7a440 Thread exited: 0x000001d6f1e7a440
Event: 1768.199 Thread 0x000001d6e73d2290 Thread added: 0x000001d6f1e734b0
Event: 1852.435 Thread 0x000001d6f1e734b0 Thread exited: 0x000001d6f1e734b0
Event: 1954.552 Thread 0x000001d6e73d2290 Thread added: 0x000001d6f1e7a440
Event: 2014.565 Thread 0x000001d6f1e7a440 Thread exited: 0x000001d6f1e7a440
Event: 2946.462 Thread 0x000001d6e73d2290 Thread added: 0x000001d6f1e7a440
Event: 2987.298 Thread 0x000001d6e73d2290 Thread added: 0x000001d6f1e734b0
Event: 2987.301 Thread 0x000001d6f1e734b0 Thread added: 0x000001d6f1e74860
Event: 3134.957 Thread 0x000001d6f1e74860 Thread exited: 0x000001d6f1e74860
Event: 3194.960 Thread 0x000001d6f1e734b0 Thread exited: 0x000001d6f1e734b0
Event: 3237.404 Thread 0x000001d6e73d2290 Thread added: 0x000001d6f1e734b0
Event: 3238.377 Thread 0x000001d6e027d260 Thread added: 0x000001d6e97dd2c0
Event: 3239.747 Thread 0x000001d6e97dd2c0 Thread exited: 0x000001d6e97dd2c0
Event: 3239.895 Thread 0x000001d6e73d2290 Thread added: 0x000001d6f1e75580
Event: 3262.409 Thread 0x000001d6e5deb970 Thread added: 0x000001d6e73d1c00
Event: 3263.864 Thread 0x000001d6f1e77ce0 Thread added: 0x000001d6e73d5da0
Event: 3263.995 Thread 0x000001d6f1e77ce0 Thread added: 0x000001d6e73d9220
Event: 3265.211 Thread 0x000001d6e5deb970 Thread added: 0x000001d6e73d3cd0


Dynamic libraries:
0x00007ff784150000 - 0x00007ff78415e000 	c:\Users\Admin\.vscode\extensions\redhat.java-1.51.0-win32-x64\jre\21.0.9-win32-x86_64\bin\java.exe
0x00007ffdc0ab0000 - 0x00007ffdc0ca8000 	C:\Windows\SYSTEM32\ntdll.dll
0x00007ffdc0010000 - 0x00007ffdc00d2000 	C:\Windows\System32\KERNEL32.DLL
0x00007ffdbe5c0000 - 0x00007ffdbe8be000 	C:\Windows\System32\KERNELBASE.dll
0x00007ffdbe8c0000 - 0x00007ffdbe9c0000 	C:\Windows\System32\ucrtbase.dll
0x00007ffdaff30000 - 0x00007ffdaff48000 	c:\Users\Admin\.vscode\extensions\redhat.java-1.51.0-win32-x64\jre\21.0.9-win32-x86_64\bin\jli.dll
0x00007ffdc0730000 - 0x00007ffdc08cd000 	C:\Windows\System32\USER32.dll
0x00007ffdbe9c0000 - 0x00007ffdbe9e2000 	C:\Windows\System32\win32u.dll
0x00007ffdbef30000 - 0x00007ffdbef5b000 	C:\Windows\System32\GDI32.dll
0x00007ffdbe250000 - 0x00007ffdbe367000 	C:\Windows\System32\gdi32full.dll
0x00007ffdbe370000 - 0x00007ffdbe40d000 	C:\Windows\System32\msvcp_win.dll
0x00007ffda79f0000 - 0x00007ffda7a0e000 	c:\Users\Admin\.vscode\extensions\redhat.java-1.51.0-win32-x64\jre\21.0.9-win32-x86_64\bin\VCRUNTIME140.dll
0x00007ffdab6a0000 - 0x00007ffdab93a000 	C:\Windows\WinSxS\amd64_microsoft.windows.common-controls_6595b64144ccf1df_6.0.19041.4355_none_60b8b9eb71f62e16\COMCTL32.dll
0x00007ffdbece0000 - 0x00007ffdbed7e000 	C:\Windows\System32\msvcrt.dll
0x00007ffdc00e0000 - 0x00007ffdc010f000 	C:\Windows\System32\IMM32.DLL
0x00007ffdb84d0000 - 0x00007ffdb84dc000 	c:\Users\Admin\.vscode\extensions\redhat.java-1.51.0-win32-x64\jre\21.0.9-win32-x86_64\bin\vcruntime140_1.dll
0x00007ffd83c80000 - 0x00007ffd83d0d000 	c:\Users\Admin\.vscode\extensions\redhat.java-1.51.0-win32-x64\jre\21.0.9-win32-x86_64\bin\msvcp140.dll
0x00007ffd24680000 - 0x00007ffd25420000 	c:\Users\Admin\.vscode\extensions\redhat.java-1.51.0-win32-x64\jre\21.0.9-win32-x86_64\bin\server\jvm.dll
0x00007ffdbef60000 - 0x00007ffdbf011000 	C:\Windows\System32\ADVAPI32.dll
0x00007ffdc0680000 - 0x00007ffdc071f000 	C:\Windows\System32\sechost.dll
0x00007ffdbf260000 - 0x00007ffdbf383000 	C:\Windows\System32\RPCRT4.dll
0x00007ffdbeaa0000 - 0x00007ffdbeac7000 	C:\Windows\System32\bcrypt.dll
0x00007ffdbfb70000 - 0x00007ffdbfbdb000 	C:\Windows\System32\WS2_32.dll
0x00007ffdbdfb0000 - 0x00007ffdbdffb000 	C:\Windows\SYSTEM32\POWRPROF.dll
0x00007ffdab9c0000 - 0x00007ffdab9e7000 	C:\Windows\SYSTEM32\WINMM.dll
0x00007ffdb77a0000 - 0x00007ffdb77aa000 	C:\Windows\SYSTEM32\VERSION.dll
0x00007ffdbdf90000 - 0x00007ffdbdfa2000 	C:\Windows\SYSTEM32\UMPDC.dll
0x00007ffdbc930000 - 0x00007ffdbc942000 	C:\Windows\SYSTEM32\kernel.appcore.dll
0x00007ffdac9f0000 - 0x00007ffdac9fa000 	c:\Users\Admin\.vscode\extensions\redhat.java-1.51.0-win32-x64\jre\21.0.9-win32-x86_64\bin\jimage.dll
0x00007ffdbbe90000 - 0x00007ffdbc074000 	C:\Windows\SYSTEM32\DBGHELP.DLL
0x00007ffda6910000 - 0x00007ffda6944000 	C:\Windows\SYSTEM32\dbgcore.DLL
0x00007ffdbe1c0000 - 0x00007ffdbe242000 	C:\Windows\System32\bcryptPrimitives.dll
0x00007ffda6770000 - 0x00007ffda677f000 	c:\Users\Admin\.vscode\extensions\redhat.java-1.51.0-win32-x64\jre\21.0.9-win32-x86_64\bin\instrument.dll
0x00007ffda5860000 - 0x00007ffda5880000 	c:\Users\Admin\.vscode\extensions\redhat.java-1.51.0-win32-x64\jre\21.0.9-win32-x86_64\bin\java.dll
0x00007ffdbf390000 - 0x00007ffdbfafd000 	C:\Windows\System32\SHELL32.dll
0x00007ffdbc170000 - 0x00007ffdbc914000 	C:\Windows\SYSTEM32\windows.storage.dll
0x00007ffdbfcb0000 - 0x00007ffdc0003000 	C:\Windows\System32\combase.dll
0x00007ffdbd9d0000 - 0x00007ffdbd9fe000 	C:\Windows\SYSTEM32\Wldp.dll
0x00007ffdbfbe0000 - 0x00007ffdbfcad000 	C:\Windows\System32\OLEAUT32.dll
0x00007ffdbf020000 - 0x00007ffdbf0cd000 	C:\Windows\System32\SHCORE.dll
0x00007ffdbead0000 - 0x00007ffdbeb25000 	C:\Windows\System32\shlwapi.dll
0x00007ffdbe080000 - 0x00007ffdbe0a4000 	C:\Windows\SYSTEM32\profapi.dll
0x00007ffda4a60000 - 0x00007ffda4a78000 	c:\Users\Admin\.vscode\extensions\redhat.java-1.51.0-win32-x64\jre\21.0.9-win32-x86_64\bin\zip.dll
0x00007ffda2b70000 - 0x00007ffda2b80000 	C:\Users\Admin\.vscode\extensions\redhat.java-1.51.0-win32-x64\jre\21.0.9-win32-x86_64\bin\net.dll
0x00007ffdb0600000 - 0x00007ffdb070d000 	C:\Windows\SYSTEM32\WINHTTP.dll
0x00007ffdbd7b0000 - 0x00007ffdbd81a000 	C:\Windows\system32\mswsock.dll
0x00007ffd97320000 - 0x00007ffd97336000 	C:\Users\Admin\.vscode\extensions\redhat.java-1.51.0-win32-x64\jre\21.0.9-win32-x86_64\bin\nio.dll
0x00007ffd96c30000 - 0x00007ffd96c40000 	c:\Users\Admin\.vscode\extensions\redhat.java-1.51.0-win32-x64\jre\21.0.9-win32-x86_64\bin\verify.dll
0x00007ffd8f510000 - 0x00007ffd8f554000 	C:\Users\Admin\AppData\Roaming\Code\User\globalStorage\redhat.java\1.51.0\config_win\org.eclipse.equinox.launcher\org.eclipse.equinox.launcher.win32.win32.x86_64_1.2.1400.v20250801-0854\eclipse_11916.dll
0x00007ffdbeb30000 - 0x00007ffdbec5b000 	C:\Windows\System32\ole32.dll
0x00007ffdbda10000 - 0x00007ffdbda28000 	C:\Windows\SYSTEM32\CRYPTSP.dll
0x00007ffdbd0f0000 - 0x00007ffdbd124000 	C:\Windows\system32\rsaenh.dll
0x00007ffdbe040000 - 0x00007ffdbe06e000 	C:\Windows\SYSTEM32\USERENV.dll
0x00007ffdbd940000 - 0x00007ffdbd94c000 	C:\Windows\SYSTEM32\CRYPTBASE.dll
0x00007ffdbd4b0000 - 0x00007ffdbd4eb000 	C:\Windows\SYSTEM32\IPHLPAPI.DLL
0x00007ffdc0720000 - 0x00007ffdc0728000 	C:\Windows\System32\NSI.dll
0x00007ffd84b10000 - 0x00007ffd84b59000 	C:\Users\Admin\AppData\Local\Temp\jna-63116079\jna1622922331701522199.dll
0x00007ffdbf1f0000 - 0x00007ffdbf1f8000 	C:\Windows\System32\PSAPI.DLL
0x00007ffdb72d0000 - 0x00007ffdb72e7000 	C:\Windows\SYSTEM32\dhcpcsvc6.DLL
0x00007ffdb69a0000 - 0x00007ffdb69bd000 	C:\Windows\SYSTEM32\dhcpcsvc.DLL
0x00007ffd91f40000 - 0x00007ffd91f4e000 	C:\Users\Admin\.vscode\extensions\redhat.java-1.51.0-win32-x64\jre\21.0.9-win32-x86_64\bin\sunmscapi.dll
0x00007ffdbe410000 - 0x00007ffdbe56c000 	C:\Windows\System32\CRYPT32.dll
0x00007ffdbdb20000 - 0x00007ffdbdb47000 	C:\Windows\SYSTEM32\ncrypt.dll
0x00007ffdbdae0000 - 0x00007ffdbdb1b000 	C:\Windows\SYSTEM32\NTASN1.dll
0x00007ffdbd4f0000 - 0x00007ffdbd5ba000 	C:\Windows\SYSTEM32\DNSAPI.dll
0x00007ffdb05a0000 - 0x00007ffdb05aa000 	C:\Windows\System32\rasadhlp.dll
0x00007ffdb0120000 - 0x00007ffdb01a0000 	C:\Windows\System32\fwpuclnt.dll
0x00007ffd91f30000 - 0x00007ffd91f39000 	C:\Users\Admin\.vscode\extensions\redhat.java-1.51.0-win32-x64\jre\21.0.9-win32-x86_64\bin\extnet.dll

JVMTI agents:
c:\Users\Admin\.vscode\extensions\redhat.java-1.51.0-win32-x64\lombok\lombok-1.18.39-4050.jar path:c:\Users\Admin\.vscode\extensions\redhat.java-1.51.0-win32-x64\jre\21.0.9-win32-x86_64\bin\instrument.dll, loaded, initialized, instrumentlib options:none

dbghelp: loaded successfully - version: 4.0.5 - missing functions: none
symbol engine: initialized successfully - sym options: 0x614 - pdb path: .;c:\Users\Admin\.vscode\extensions\redhat.java-1.51.0-win32-x64\jre\21.0.9-win32-x86_64\bin;C:\Windows\SYSTEM32;C:\Windows\WinSxS\amd64_microsoft.windows.common-controls_6595b64144ccf1df_6.0.19041.4355_none_60b8b9eb71f62e16;c:\Users\Admin\.vscode\extensions\redhat.java-1.51.0-win32-x64\jre\21.0.9-win32-x86_64\bin\server;C:\Users\Admin\AppData\Roaming\Code\User\globalStorage\redhat.java\1.51.0\config_win\org.eclipse.equinox.launcher\org.eclipse.equinox.launcher.win32.win32.x86_64_1.2.1400.v20250801-0854;C:\Users\Admin\AppData\Local\Temp\jna-63116079

VM Arguments:
jvm_args: --add-modules=ALL-SYSTEM --add-opens=java.base/java.util=ALL-UNNAMED --add-opens=java.base/java.lang=ALL-UNNAMED --add-opens=java.base/sun.nio.fs=ALL-UNNAMED -Declipse.application=org.eclipse.jdt.ls.core.id1 -Dosgi.bundles.defaultStartLevel=4 -Declipse.product=org.eclipse.jdt.ls.core.product -Djava.import.generatesMetadataFilesAtProjectRoot=false -DDetectVMInstallationsJob.disabled=true -Dfile.encoding=utf8 -XX:+UseParallelGC -XX:GCTimeRatio=4 -XX:AdaptiveSizePolicyWeight=90 -Dsun.zip.disableMemoryMapping=true -Xmx2G -Xms100m -Xlog:disable -javaagent:c:\Users\Admin\.vscode\extensions\redhat.java-1.51.0-win32-x64\lombok\lombok-1.18.39-4050.jar -XX:+HeapDumpOnOutOfMemoryError -XX:HeapDumpPath=c:\Users\Admin\AppData\Roaming\Code\User\workspaceStorage\bef687a2474ad10d076fff78ad20c5aa\redhat.java -Daether.dependencyCollector.impl=bf 
java_command: c:\Users\Admin\.vscode\extensions\redhat.java-1.51.0-win32-x64\server\plugins\org.eclipse.equinox.launcher_1.7.100.v20251111-0406.jar -configuration c:\Users\Admin\AppData\Roaming\Code\User\globalStorage\redhat.java\1.51.0\config_win -data c:\Users\Admin\AppData\Roaming\Code\User\workspaceStorage\bef687a2474ad10d076fff78ad20c5aa\redhat.java\jdt_ws --pipe=\\.\pipe\lsp-f7e784b0ff2c8e2ef9c932258e10f8bd-sock
java_class_path (initial): c:\Users\Admin\.vscode\extensions\redhat.java-1.51.0-win32-x64\server\plugins\org.eclipse.equinox.launcher_1.7.100.v20251111-0406.jar
Launcher Type: SUN_STANDARD

[Global flags]
    uintx AdaptiveSizePolicyWeight                 = 90                                        {product} {command line}
     intx CICompilerCount                          = 3                                         {product} {ergonomic}
    uintx GCTimeRatio                              = 4                                         {product} {command line}
     bool HeapDumpOnOutOfMemoryError               = true                                   {manageable} {command line}
    ccstr HeapDumpPath                             = c:\Users\Admin\AppData\Roaming\Code\User\workspaceStorage\bef687a2474ad10d076fff78ad20c5aa\redhat.java         {manageable} {command line}
   size_t InitialHeapSize                          = 104857600                                 {product} {command line}
   size_t MaxHeapSize                              = 2147483648                                {product} {command line}
   size_t MaxNewSize                               = 715653120                                 {product} {ergonomic}
   size_t MinHeapDeltaBytes                        = 524288                                    {product} {ergonomic}
   size_t MinHeapSize                              = 104857600                                 {product} {command line}
   size_t NewSize                                  = 34603008                                  {product} {ergonomic}
    uintx NonNMethodCodeHeapSize                   = 5832780                                {pd product} {ergonomic}
    uintx NonProfiledCodeHeapSize                  = 122912730                              {pd product} {ergonomic}
   size_t OldSize                                  = 70254592                                  {product} {ergonomic}
    uintx ProfiledCodeHeapSize                     = 122912730                              {pd product} {ergonomic}
    uintx ReservedCodeCacheSize                    = 251658240                              {pd product} {ergonomic}
     bool SegmentedCodeCache                       = true                                      {product} {ergonomic}
   size_t SoftMaxHeapSize                          = 2147483648                             {manageable} {ergonomic}
     bool UseCompressedOops                        = true                           {product lp64_product} {ergonomic}
     bool UseLargePagesIndividualAllocation        = false                                  {pd product} {ergonomic}
     bool UseParallelGC                            = true                                      {product} {command line}

Logging:
Log output configuration:
 #0: stdout all=off uptime,level,tags foldmultilines=false
 #1: stderr all=off uptime,level,tags foldmultilines=false

Release file:
JAVA_VERSION="21.0.9" 
MODULES="java.base java.compiler java.datatransfer java.xml java.prefs java.desktop java.instrument java.logging java.management java.security.sasl java.naming java.rmi java.management.rmi java.net.http java.scripting java.security.jgss java.transaction.xa java.sql java.sql.rowset java.xml.crypto java.se java.smartcardio jdk.accessibility jdk.internal.jvmstat jdk.attach jdk.charsets jdk.internal.opt jdk.zipfs jdk.compiler jdk.crypto.ec jdk.crypto.cryptoki jdk.crypto.mscapi jdk.dynalink jdk.internal.ed jdk.editpad jdk.hotspot.agent jdk.httpserver jdk.internal.le jdk.internal.vm.ci jdk.internal.vm.compiler jdk.internal.vm.compiler.management jdk.jartool jdk.javadoc jdk.jcmd jdk.management jdk.management.agent jdk.jconsole jdk.jdeps jdk.jdwp.agent jdk.jdi jdk.jfr jdk.jshell jdk.jsobject jdk.jstatd jdk.localedata jdk.management.jfr jdk.naming.dns jdk.naming.rmi jdk.net jdk.nio.mapmode jdk.random jdk.sctp jdk.security.auth jdk.security.jgss jdk.unsupported jdk.unsupported.desktop jdk.xml.dom" 

Environment Variables:
JAVA_HOME=C:\Program Files\Eclipse Adoptium\jdk-17.0.17.10-hotspot
PATH=C:\Program Files\Eclipse Adoptium\jdk-17.0.17.10-hotspot\bin;C:\Program Files\Oracle Client for Microsoft Tools\;C:\app\Admin\product\21c\dbhomeXE\bin;C:\Python312\Scripts\;C:\Python312\;C:\Windows\system32;C:\Windows;C:\Windows\System32\Wbem;C:\Windows\System32\WindowsPowerShell\v1.0\;C:\Windows\System32\OpenSSH\;C:\ProgramData\chocolatey\bin;C:\Program Files\Java\jdk-22\bin;C:\Program Files\PuTTY\;C:\Program Files\Git\cmd;C:\Program Files\MATLAB\R2025b\bin;C:\Program Files\nodejs\;C:\Program Files\PowerShell\7\;;C:\Program Files\Docker\Docker\resources\bin;C:\Users\Admin\AppData\Local\pnpm;C:\Users\Admin\AppData\Local\Microsoft\WindowsApps;C:\Program Files\Java\jdk-22\bin;C:\Users\Admin\AppData\Local\Programs\Microsoft VS Code\bin;C:\Users\Admin\AppData\Roaming\npm;C:\Users\Admin\.lmstudio\bin
USERNAME=Admin
OS=Windows_NT
PROCESSOR_IDENTIFIER=Intel64 Family 6 Model 126 Stepping 5, GenuineIntel
TMP=C:\Users\Admin\AppData\Local\Temp
TEMP=C:\Users\Admin\AppData\Local\Temp




Periodic native trim disabled

---------------  S Y S T E M  ---------------

OS:
 Windows 10 , 64 bit Build 19041 (10.0.19041.5072)
OS uptime: 0 days 1:44 hours
Hyper-V role detected

CPU: total 4 (initial active 4) (2 cores per cpu, 2 threads per core) family 6 model 126 stepping 5 microcode 0x78, cx8, cmov, fxsr, ht, mmx, 3dnowpref, sse, sse2, sse3, ssse3, sse4.1, sse4.2, popcnt, lzcnt, tsc, tscinvbit, avx, avx2, aes, erms, clmul, bmi1, bmi2, adx, avx512f, avx512dq, avx512cd, avx512bw, avx512vl, sha, fma, vzeroupper, avx512_vpopcntdq, avx512_vpclmulqdq, avx512_vaes, avx512_vnni, clflush, clflushopt, avx512_vbmi2, avx512_vbmi, hv, rdtscp, rdpid, fsrm, gfni, avx512_bitalg, f16c, avx512_ifma
Processor Information for the first 4 processors :
  Max Mhz: 1190, Current Mhz: 1190, Mhz Limit: 1190

Memory: 4k page, system-wide physical 7934M (203M free)
TotalPageFile size 16126M (AvailPageFile size 2M)
current process WorkingSet (physical memory assigned to process): 398M, peak: 589M
current process commit charge ("private bytes"): 833M, peak: 839M

vm_info: OpenJDK 64-Bit Server VM (21.0.9+10-LTS) for windows-amd64 JRE (21.0.9+10-LTS), built on 2025-10-21T00:00:00Z by "admin" with unknown MS VC++:1942

END.
